2020-06-17 12:43:26,639 INFO com.STS.ApiApp [main] Starting ApiApp on MSATBSD-LP01027 with PID 14096 (D:\GEGDC\AS608741\STSworkspace\Tech-Shop\NewProject\target\classes started by AS608741 in D:\GEGDC\AS608741\STSworkspace\Tech-Shop\NewProject)
2020-06-17 12:43:26,683 INFO com.STS.ApiApp [main] No active profile set, falling back to default profiles: default
2020-06-17 12:43:28,342 INFO org.springframework.data.repository.config.RepositoryConfigurationDelegate [main] Bootstrapping Spring Data repositories in DEFAULT mode.
2020-06-17 12:43:28,409 INFO org.springframework.data.repository.config.RepositoryConfigurationDelegate [main] Finished Spring Data repository scanning in 37ms. Found 0 repository interfaces.
2020-06-17 12:43:29,124 INFO org.springframework.context.support.PostProcessorRegistrationDelegate$BeanPostProcessorChecker [main] Bean 'org.springframework.transaction.annotation.ProxyTransactionManagementConfiguration' of type [org.springframework.transaction.annotation.ProxyTransactionManagementConfiguration$$EnhancerBySpringCGLIB$$b3706c02] is not eligible for getting processed by all BeanPostProcessors (for example: not eligible for auto-proxying)
2020-06-17 12:43:30,280 INFO org.springframework.boot.web.embedded.tomcat.TomcatWebServer [main] Tomcat initialized with port(s): 8073 (http)
2020-06-17 12:43:30,343 INFO org.apache.catalina.core.StandardService [main] Starting service [Tomcat]
2020-06-17 12:43:30,343 INFO org.apache.catalina.core.StandardEngine [main] Starting Servlet engine: [Apache Tomcat/9.0.21]
2020-06-17 12:43:30,624 INFO org.apache.catalina.core.ContainerBase.[Tomcat].[localhost].[/] [main] Initializing Spring embedded WebApplicationContext
2020-06-17 12:43:30,625 INFO org.springframework.web.context.ContextLoader [main] Root WebApplicationContext: initialization completed in 3777 ms
2020-06-17 12:43:31,368 INFO com.zaxxer.hikari.HikariDataSource [main] HikariPool-1 - Starting...
2020-06-17 12:43:31,968 INFO com.zaxxer.hikari.HikariDataSource [main] HikariPool-1 - Start completed.
2020-06-17 12:43:32,120 INFO org.hibernate.jpa.internal.util.LogHelper [main] HHH000204: Processing PersistenceUnitInfo [
	name: default
	...]
2020-06-17 12:43:32,239 INFO org.hibernate.Version [main] HHH000412: Hibernate Core {5.3.10.Final}
2020-06-17 12:43:32,241 INFO org.hibernate.cfg.Environment [main] HHH000206: hibernate.properties not found
2020-06-17 12:43:32,815 INFO org.hibernate.annotations.common.Version [main] HCANN000001: Hibernate Commons Annotations {5.0.4.Final}
2020-06-17 12:43:33,074 INFO org.hibernate.dialect.Dialect [main] HHH000400: Using dialect: org.hibernate.dialect.H2Dialect
2020-06-17 12:43:33,460 INFO org.hibernate.tool.schema.internal.SchemaCreatorImpl [main] HHH000476: Executing import script 'org.hibernate.tool.schema.internal.exec.ScriptSourceInputNonExistentImpl@7d17ee50'
2020-06-17 12:43:33,465 INFO org.springframework.orm.jpa.LocalContainerEntityManagerFactoryBean [main] Initialized JPA EntityManagerFactory for persistence unit 'default'
2020-06-17 12:43:34,186 INFO org.springframework.scheduling.concurrent.ThreadPoolTaskExecutor [main] Initializing ExecutorService 'applicationTaskExecutor'
2020-06-17 12:43:34,501 WARN org.springframework.boot.autoconfigure.orm.jpa.JpaBaseConfiguration$JpaWebConfiguration$JpaWebMvcConfiguration [main] spring.jpa.open-in-view is enabled by default. Therefore, database queries may be performed during view rendering. Explicitly configure spring.jpa.open-in-view to disable this warning
2020-06-17 12:43:36,307 WARN org.springframework.boot.autoconfigure.freemarker.FreeMarkerAutoConfiguration [main] Cannot find template location(s): [classpath:/templates/] (please add some templates, check your FreeMarker configuration, or set spring.freemarker.checkTemplateLocation=false)
2020-06-17 12:43:36,494 INFO org.springframework.boot.web.embedded.tomcat.TomcatWebServer [main] Tomcat started on port(s): 8073 (http) with context path ''
2020-06-17 12:43:36,499 INFO com.STS.ApiApp [main] Started ApiApp in 10.82 seconds (JVM running for 11.557)
2020-06-17 12:44:01,436 INFO org.apache.catalina.core.ContainerBase.[Tomcat].[localhost].[/] [http-nio-8073-exec-2] Initializing Spring DispatcherServlet 'dispatcherServlet'
2020-06-17 12:44:01,436 INFO org.springframework.web.servlet.DispatcherServlet [http-nio-8073-exec-2] Initializing Servlet 'dispatcherServlet'
2020-06-17 12:44:01,451 INFO org.springframework.web.servlet.DispatcherServlet [http-nio-8073-exec-2] Completed initialization in 15 ms
2020-06-17 12:44:07,904 INFO com.STS.Hello.ControllerPage [http-nio-8073-exec-4] Hello Avneesh Shrivastav
2020-06-17 12:44:32,425 INFO com.STS.Hello.ControllerPage [http-nio-8073-exec-6] Hello Avneesh Shrivastav
2020-06-17 12:44:36,245 INFO com.STS.Hello.ControllerPage [http-nio-8073-exec-7] Hello Avneesh Shrivastav
2020-06-17 12:46:30,002 INFO com.STS.ApiApp [main] Starting ApiApp on MSATBSD-LP01027 with PID 7204 (D:\GEGDC\AS608741\STSworkspace\Tech-Shop\NewProject\target\classes started by AS608741 in D:\GEGDC\AS608741\STSworkspace\Tech-Shop\NewProject)
2020-06-17 12:46:30,025 INFO com.STS.ApiApp [main] No active profile set, falling back to default profiles: default
2020-06-17 12:46:32,018 INFO org.springframework.data.repository.config.RepositoryConfigurationDelegate [main] Bootstrapping Spring Data repositories in DEFAULT mode.
2020-06-17 12:46:32,061 INFO org.springframework.data.repository.config.RepositoryConfigurationDelegate [main] Finished Spring Data repository scanning in 26ms. Found 0 repository interfaces.
2020-06-17 12:46:32,672 INFO org.springframework.context.support.PostProcessorRegistrationDelegate$BeanPostProcessorChecker [main] Bean 'org.springframework.transaction.annotation.ProxyTransactionManagementConfiguration' of type [org.springframework.transaction.annotation.ProxyTransactionManagementConfiguration$$EnhancerBySpringCGLIB$$10af0600] is not eligible for getting processed by all BeanPostProcessors (for example: not eligible for auto-proxying)
2020-06-17 12:46:33,721 INFO org.springframework.boot.web.embedded.tomcat.TomcatWebServer [main] Tomcat initialized with port(s): 8080 (http)
2020-06-17 12:46:33,765 INFO org.apache.catalina.core.StandardService [main] Starting service [Tomcat]
2020-06-17 12:46:33,766 INFO org.apache.catalina.core.StandardEngine [main] Starting Servlet engine: [Apache Tomcat/9.0.21]
2020-06-17 12:46:34,014 INFO org.apache.catalina.core.ContainerBase.[Tomcat].[localhost].[/] [main] Initializing Spring embedded WebApplicationContext
2020-06-17 12:46:34,014 INFO org.springframework.web.context.ContextLoader [main] Root WebApplicationContext: initialization completed in 3726 ms
2020-06-17 12:46:34,314 INFO com.zaxxer.hikari.HikariDataSource [main] HikariPool-1 - Starting...
2020-06-17 12:46:34,704 INFO com.zaxxer.hikari.HikariDataSource [main] HikariPool-1 - Start completed.
2020-06-17 12:46:34,838 INFO org.hibernate.jpa.internal.util.LogHelper [main] HHH000204: Processing PersistenceUnitInfo [
	name: default
	...]
2020-06-17 12:46:34,967 INFO org.hibernate.Version [main] HHH000412: Hibernate Core {5.3.10.Final}
2020-06-17 12:46:34,969 INFO org.hibernate.cfg.Environment [main] HHH000206: hibernate.properties not found
2020-06-17 12:46:35,190 INFO org.hibernate.annotations.common.Version [main] HCANN000001: Hibernate Commons Annotations {5.0.4.Final}
2020-06-17 12:46:35,418 INFO org.hibernate.dialect.Dialect [main] HHH000400: Using dialect: org.hibernate.dialect.H2Dialect
2020-06-17 12:46:35,813 INFO org.hibernate.tool.schema.internal.SchemaCreatorImpl [main] HHH000476: Executing import script 'org.hibernate.tool.schema.internal.exec.ScriptSourceInputNonExistentImpl@7bd96822'
2020-06-17 12:46:35,819 INFO org.springframework.orm.jpa.LocalContainerEntityManagerFactoryBean [main] Initialized JPA EntityManagerFactory for persistence unit 'default'
2020-06-17 12:46:36,272 INFO org.springframework.scheduling.concurrent.ThreadPoolTaskExecutor [main] Initializing ExecutorService 'applicationTaskExecutor'
2020-06-17 12:46:36,357 WARN org.springframework.boot.autoconfigure.orm.jpa.JpaBaseConfiguration$JpaWebConfiguration$JpaWebMvcConfiguration [main] spring.jpa.open-in-view is enabled by default. Therefore, database queries may be performed during view rendering. Explicitly configure spring.jpa.open-in-view to disable this warning
2020-06-17 12:46:36,699 WARN org.springframework.boot.autoconfigure.freemarker.FreeMarkerAutoConfiguration [main] Cannot find template location(s): [classpath:/templates/] (please add some templates, check your FreeMarker configuration, or set spring.freemarker.checkTemplateLocation=false)
2020-06-17 12:46:36,869 INFO org.springframework.boot.web.embedded.tomcat.TomcatWebServer [main] Tomcat started on port(s): 8080 (http) with context path ''
2020-06-17 12:46:36,876 INFO com.STS.ApiApp [main] Started ApiApp in 7.652 seconds (JVM running for 8.622)
2020-06-17 12:46:45,215 INFO org.apache.catalina.core.ContainerBase.[Tomcat].[localhost].[/] [http-nio-8080-exec-1] Initializing Spring DispatcherServlet 'dispatcherServlet'
2020-06-17 12:46:45,216 INFO org.springframework.web.servlet.DispatcherServlet [http-nio-8080-exec-1] Initializing Servlet 'dispatcherServlet'
2020-06-17 12:46:45,230 INFO org.springframework.web.servlet.DispatcherServlet [http-nio-8080-exec-1] Completed initialization in 14 ms
2020-06-17 12:46:55,725 INFO com.STS.Hello.ControllerPage [http-nio-8080-exec-2] Hello Avneesh Shrivastav
2020-06-17 12:47:57,300 INFO com.STS.ApiApp [main] Starting ApiApp on MSATBSD-LP01027 with PID 12660 (D:\GEGDC\AS608741\STSworkspace\Tech-Shop\NewProject\target\classes started by AS608741 in D:\GEGDC\AS608741\STSworkspace\Tech-Shop\NewProject)
2020-06-17 12:47:57,306 INFO com.STS.ApiApp [main] No active profile set, falling back to default profiles: default
2020-06-17 12:47:58,743 INFO org.springframework.data.repository.config.RepositoryConfigurationDelegate [main] Bootstrapping Spring Data repositories in DEFAULT mode.
2020-06-17 12:47:58,783 INFO org.springframework.data.repository.config.RepositoryConfigurationDelegate [main] Finished Spring Data repository scanning in 26ms. Found 0 repository interfaces.
2020-06-17 12:47:59,468 INFO org.springframework.context.support.PostProcessorRegistrationDelegate$BeanPostProcessorChecker [main] Bean 'org.springframework.transaction.annotation.ProxyTransactionManagementConfiguration' of type [org.springframework.transaction.annotation.ProxyTransactionManagementConfiguration$$EnhancerBySpringCGLIB$$2b26562] is not eligible for getting processed by all BeanPostProcessors (for example: not eligible for auto-proxying)
2020-06-17 12:48:00,448 INFO org.springframework.boot.web.embedded.tomcat.TomcatWebServer [main] Tomcat initialized with port(s): 8080 (http)
2020-06-17 12:48:00,531 INFO org.apache.catalina.core.StandardService [main] Starting service [Tomcat]
2020-06-17 12:48:00,532 INFO org.apache.catalina.core.StandardEngine [main] Starting Servlet engine: [Apache Tomcat/9.0.21]
2020-06-17 12:48:00,966 INFO org.apache.catalina.core.ContainerBase.[Tomcat].[localhost].[/] [main] Initializing Spring embedded WebApplicationContext
2020-06-17 12:48:00,966 INFO org.springframework.web.context.ContextLoader [main] Root WebApplicationContext: initialization completed in 3514 ms
2020-06-17 12:48:01,256 INFO com.zaxxer.hikari.HikariDataSource [main] HikariPool-1 - Starting...
2020-06-17 12:48:01,712 INFO com.zaxxer.hikari.HikariDataSource [main] HikariPool-1 - Start completed.
2020-06-17 12:48:01,847 INFO org.hibernate.jpa.internal.util.LogHelper [main] HHH000204: Processing PersistenceUnitInfo [
	name: default
	...]
2020-06-17 12:48:02,008 INFO org.hibernate.Version [main] HHH000412: Hibernate Core {5.3.10.Final}
2020-06-17 12:48:02,013 INFO org.hibernate.cfg.Environment [main] HHH000206: hibernate.properties not found
2020-06-17 12:48:02,284 INFO org.hibernate.annotations.common.Version [main] HCANN000001: Hibernate Commons Annotations {5.0.4.Final}
2020-06-17 12:48:02,556 INFO org.hibernate.dialect.Dialect [main] HHH000400: Using dialect: org.hibernate.dialect.H2Dialect
2020-06-17 12:48:02,949 INFO org.hibernate.tool.schema.internal.SchemaCreatorImpl [main] HHH000476: Executing import script 'org.hibernate.tool.schema.internal.exec.ScriptSourceInputNonExistentImpl@60c1663c'
2020-06-17 12:48:02,955 INFO org.springframework.orm.jpa.LocalContainerEntityManagerFactoryBean [main] Initialized JPA EntityManagerFactory for persistence unit 'default'
2020-06-17 12:48:03,347 INFO org.springframework.scheduling.concurrent.ThreadPoolTaskExecutor [main] Initializing ExecutorService 'applicationTaskExecutor'
2020-06-17 12:48:03,442 WARN org.springframework.boot.autoconfigure.orm.jpa.JpaBaseConfiguration$JpaWebConfiguration$JpaWebMvcConfiguration [main] spring.jpa.open-in-view is enabled by default. Therefore, database queries may be performed during view rendering. Explicitly configure spring.jpa.open-in-view to disable this warning
2020-06-17 12:48:03,830 WARN org.springframework.boot.autoconfigure.freemarker.FreeMarkerAutoConfiguration [main] Cannot find template location(s): [classpath:/templates/] (please add some templates, check your FreeMarker configuration, or set spring.freemarker.checkTemplateLocation=false)
2020-06-17 12:48:04,015 INFO org.springframework.boot.web.embedded.tomcat.TomcatWebServer [main] Tomcat started on port(s): 8080 (http) with context path ''
2020-06-17 12:48:04,022 INFO com.STS.ApiApp [main] Started ApiApp in 7.85 seconds (JVM running for 8.651)
2020-06-17 12:48:10,970 INFO org.apache.catalina.core.ContainerBase.[Tomcat].[localhost].[/] [http-nio-8080-exec-1] Initializing Spring DispatcherServlet 'dispatcherServlet'
2020-06-17 12:48:10,971 INFO org.springframework.web.servlet.DispatcherServlet [http-nio-8080-exec-1] Initializing Servlet 'dispatcherServlet'
2020-06-17 12:48:10,993 INFO org.springframework.web.servlet.DispatcherServlet [http-nio-8080-exec-1] Completed initialization in 22 ms
2020-06-17 12:48:16,338 INFO com.STS.Hello.ControllerPage [http-nio-8080-exec-2] Hello Avneesh Shrivastav
2020-06-17 12:49:12,408 WARN org.springframework.web.servlet.mvc.support.DefaultHandlerExceptionResolver [http-nio-8080-exec-3] Resolved [org.springframework.web.HttpRequestMethodNotSupportedException: Request method 'GET' not supported]
2020-06-17 12:54:36,655 INFO com.STS.ApiApp [main] Starting ApiApp on MSATBSD-LP01027 with PID 6248 (D:\GEGDC\AS608741\STSworkspace\Tech-Shop\NewProject\target\classes started by AS608741 in D:\GEGDC\AS608741\STSworkspace\Tech-Shop\NewProject)
2020-06-17 12:54:36,664 INFO com.STS.ApiApp [main] No active profile set, falling back to default profiles: default
2020-06-17 12:54:38,554 INFO org.springframework.data.repository.config.RepositoryConfigurationDelegate [main] Bootstrapping Spring Data repositories in DEFAULT mode.
2020-06-17 12:54:38,612 INFO org.springframework.data.repository.config.RepositoryConfigurationDelegate [main] Finished Spring Data repository scanning in 37ms. Found 0 repository interfaces.
2020-06-17 12:54:39,592 INFO org.springframework.context.support.PostProcessorRegistrationDelegate$BeanPostProcessorChecker [main] Bean 'org.springframework.transaction.annotation.ProxyTransactionManagementConfiguration' of type [org.springframework.transaction.annotation.ProxyTransactionManagementConfiguration$$EnhancerBySpringCGLIB$$ad73489f] is not eligible for getting processed by all BeanPostProcessors (for example: not eligible for auto-proxying)
2020-06-17 12:54:40,589 INFO org.springframework.boot.web.embedded.tomcat.TomcatWebServer [main] Tomcat initialized with port(s): 8080 (http)
2020-06-17 12:54:40,636 INFO org.apache.catalina.core.StandardService [main] Starting service [Tomcat]
2020-06-17 12:54:40,636 INFO org.apache.catalina.core.StandardEngine [main] Starting Servlet engine: [Apache Tomcat/9.0.21]
2020-06-17 12:54:40,876 INFO org.apache.catalina.core.ContainerBase.[Tomcat].[localhost].[/] [main] Initializing Spring embedded WebApplicationContext
2020-06-17 12:54:40,876 INFO org.springframework.web.context.ContextLoader [main] Root WebApplicationContext: initialization completed in 4040 ms
2020-06-17 12:54:41,145 INFO com.zaxxer.hikari.HikariDataSource [main] HikariPool-1 - Starting...
2020-06-17 12:54:41,483 INFO com.zaxxer.hikari.HikariDataSource [main] HikariPool-1 - Start completed.
2020-06-17 12:54:41,623 INFO org.hibernate.jpa.internal.util.LogHelper [main] HHH000204: Processing PersistenceUnitInfo [
	name: default
	...]
2020-06-17 12:54:41,726 INFO org.hibernate.Version [main] HHH000412: Hibernate Core {5.3.10.Final}
2020-06-17 12:54:41,729 INFO org.hibernate.cfg.Environment [main] HHH000206: hibernate.properties not found
2020-06-17 12:54:41,995 INFO org.hibernate.annotations.common.Version [main] HCANN000001: Hibernate Commons Annotations {5.0.4.Final}
2020-06-17 12:54:42,230 INFO org.hibernate.dialect.Dialect [main] HHH000400: Using dialect: org.hibernate.dialect.H2Dialect
2020-06-17 12:54:42,649 INFO org.hibernate.tool.schema.internal.SchemaCreatorImpl [main] HHH000476: Executing import script 'org.hibernate.tool.schema.internal.exec.ScriptSourceInputNonExistentImpl@1fedf0a4'
2020-06-17 12:54:42,655 INFO org.springframework.orm.jpa.LocalContainerEntityManagerFactoryBean [main] Initialized JPA EntityManagerFactory for persistence unit 'default'
2020-06-17 12:54:43,133 INFO org.springframework.scheduling.concurrent.ThreadPoolTaskExecutor [main] Initializing ExecutorService 'applicationTaskExecutor'
2020-06-17 12:54:43,225 WARN org.springframework.boot.autoconfigure.orm.jpa.JpaBaseConfiguration$JpaWebConfiguration$JpaWebMvcConfiguration [main] spring.jpa.open-in-view is enabled by default. Therefore, database queries may be performed during view rendering. Explicitly configure spring.jpa.open-in-view to disable this warning
2020-06-17 12:54:43,618 WARN org.springframework.boot.autoconfigure.freemarker.FreeMarkerAutoConfiguration [main] Cannot find template location(s): [classpath:/templates/] (please add some templates, check your FreeMarker configuration, or set spring.freemarker.checkTemplateLocation=false)
2020-06-17 12:54:43,784 INFO org.springframework.boot.web.embedded.tomcat.TomcatWebServer [main] Tomcat started on port(s): 8080 (http) with context path ''
2020-06-17 12:54:43,792 INFO com.STS.ApiApp [main] Started ApiApp in 7.994 seconds (JVM running for 8.95)
2020-06-17 12:54:49,823 INFO org.apache.catalina.core.ContainerBase.[Tomcat].[localhost].[/] [http-nio-8080-exec-1] Initializing Spring DispatcherServlet 'dispatcherServlet'
2020-06-17 12:54:49,823 INFO org.springframework.web.servlet.DispatcherServlet [http-nio-8080-exec-1] Initializing Servlet 'dispatcherServlet'
2020-06-17 12:54:49,839 INFO org.springframework.web.servlet.DispatcherServlet [http-nio-8080-exec-1] Completed initialization in 15 ms
2020-06-17 12:54:49,872 WARN org.springframework.web.servlet.mvc.support.DefaultHandlerExceptionResolver [http-nio-8080-exec-1] Resolved [org.springframework.web.HttpRequestMethodNotSupportedException: Request method 'GET' not supported]
2020-06-17 12:58:44,542 INFO com.STS.ApiApp [main] Starting ApiApp on MSATBSD-LP01027 with PID 14408 (D:\GEGDC\AS608741\STSworkspace\Tech-Shop\NewProject\target\classes started by AS608741 in D:\GEGDC\AS608741\STSworkspace\Tech-Shop\NewProject)
2020-06-17 12:58:44,546 INFO com.STS.ApiApp [main] No active profile set, falling back to default profiles: default
2020-06-17 12:58:45,634 INFO org.springframework.data.repository.config.RepositoryConfigurationDelegate [main] Bootstrapping Spring Data repositories in DEFAULT mode.
2020-06-17 12:58:45,671 INFO org.springframework.data.repository.config.RepositoryConfigurationDelegate [main] Finished Spring Data repository scanning in 25ms. Found 0 repository interfaces.
2020-06-17 12:58:46,150 INFO org.springframework.context.support.PostProcessorRegistrationDelegate$BeanPostProcessorChecker [main] Bean 'org.springframework.transaction.annotation.ProxyTransactionManagementConfiguration' of type [org.springframework.transaction.annotation.ProxyTransactionManagementConfiguration$$EnhancerBySpringCGLIB$$8d61cba6] is not eligible for getting processed by all BeanPostProcessors (for example: not eligible for auto-proxying)
2020-06-17 12:58:46,540 INFO org.springframework.boot.web.embedded.tomcat.TomcatWebServer [main] Tomcat initialized with port(s): 8080 (http)
2020-06-17 12:58:46,591 INFO org.apache.catalina.core.StandardService [main] Starting service [Tomcat]
2020-06-17 12:58:46,592 INFO org.apache.catalina.core.StandardEngine [main] Starting Servlet engine: [Apache Tomcat/9.0.21]
2020-06-17 12:58:46,861 INFO org.apache.catalina.core.ContainerBase.[Tomcat].[localhost].[/] [main] Initializing Spring embedded WebApplicationContext
2020-06-17 12:58:46,861 INFO org.springframework.web.context.ContextLoader [main] Root WebApplicationContext: initialization completed in 2230 ms
2020-06-17 12:58:47,019 INFO com.zaxxer.hikari.HikariDataSource [main] HikariPool-1 - Starting...
2020-06-17 12:58:47,121 INFO com.zaxxer.hikari.HikariDataSource [main] HikariPool-1 - Start completed.
2020-06-17 12:58:47,175 INFO org.hibernate.jpa.internal.util.LogHelper [main] HHH000204: Processing PersistenceUnitInfo [
	name: default
	...]
2020-06-17 12:58:47,248 INFO org.hibernate.Version [main] HHH000412: Hibernate Core {5.3.10.Final}
2020-06-17 12:58:47,251 INFO org.hibernate.cfg.Environment [main] HHH000206: hibernate.properties not found
2020-06-17 12:58:47,520 INFO org.hibernate.annotations.common.Version [main] HCANN000001: Hibernate Commons Annotations {5.0.4.Final}
2020-06-17 12:58:47,654 INFO org.hibernate.dialect.Dialect [main] HHH000400: Using dialect: org.hibernate.dialect.H2Dialect
2020-06-17 12:58:47,865 INFO org.hibernate.tool.schema.internal.SchemaCreatorImpl [main] HHH000476: Executing import script 'org.hibernate.tool.schema.internal.exec.ScriptSourceInputNonExistentImpl@7e53339'
2020-06-17 12:58:47,869 INFO org.springframework.orm.jpa.LocalContainerEntityManagerFactoryBean [main] Initialized JPA EntityManagerFactory for persistence unit 'default'
2020-06-17 12:58:48,145 INFO org.springframework.scheduling.concurrent.ThreadPoolTaskExecutor [main] Initializing ExecutorService 'applicationTaskExecutor'
2020-06-17 12:58:48,183 WARN org.springframework.boot.autoconfigure.orm.jpa.JpaBaseConfiguration$JpaWebConfiguration$JpaWebMvcConfiguration [main] spring.jpa.open-in-view is enabled by default. Therefore, database queries may be performed during view rendering. Explicitly configure spring.jpa.open-in-view to disable this warning
2020-06-17 12:58:48,362 WARN org.springframework.boot.autoconfigure.freemarker.FreeMarkerAutoConfiguration [main] Cannot find template location(s): [classpath:/templates/] (please add some templates, check your FreeMarker configuration, or set spring.freemarker.checkTemplateLocation=false)
2020-06-17 12:58:48,461 INFO org.springframework.boot.web.embedded.tomcat.TomcatWebServer [main] Tomcat started on port(s): 8080 (http) with context path ''
2020-06-17 12:58:48,465 INFO com.STS.ApiApp [main] Started ApiApp in 4.402 seconds (JVM running for 5.633)
2020-06-17 12:59:17,132 INFO org.apache.catalina.core.ContainerBase.[Tomcat].[localhost].[/] [http-nio-8080-exec-1] Initializing Spring DispatcherServlet 'dispatcherServlet'
2020-06-17 12:59:17,132 INFO org.springframework.web.servlet.DispatcherServlet [http-nio-8080-exec-1] Initializing Servlet 'dispatcherServlet'
2020-06-17 12:59:17,145 INFO org.springframework.web.servlet.DispatcherServlet [http-nio-8080-exec-1] Completed initialization in 13 ms
2020-06-17 12:59:17,333 WARN org.springframework.web.servlet.resource.ResourceHttpRequestHandler [http-nio-8080-exec-1] Path with "WEB-INF" or "META-INF": [WEB-INF/jsp/register.jsp]
2020-06-17 13:01:06,374 INFO org.springframework.boot.admin.SpringApplicationAdminMXBeanRegistrar$SpringApplicationAdmin [RMI TCP Connection(3)-127.0.0.1] Application shutdown requested.
2020-06-17 13:01:06,380 INFO org.springframework.scheduling.concurrent.ThreadPoolTaskExecutor [RMI TCP Connection(3)-127.0.0.1] Shutting down ExecutorService 'applicationTaskExecutor'
2020-06-17 13:01:06,381 INFO org.springframework.orm.jpa.LocalContainerEntityManagerFactoryBean [RMI TCP Connection(3)-127.0.0.1] Closing JPA EntityManagerFactory for persistence unit 'default'
2020-06-17 13:01:06,381 INFO org.hibernate.tool.schema.internal.SchemaDropperImpl$DelayedDropActionImpl [RMI TCP Connection(3)-127.0.0.1] HHH000477: Starting delayed evictData of schema as part of SessionFactory shut-down'
2020-06-17 13:01:06,387 INFO com.zaxxer.hikari.HikariDataSource [RMI TCP Connection(3)-127.0.0.1] HikariPool-1 - Shutdown initiated...
2020-06-17 13:01:06,390 INFO com.zaxxer.hikari.HikariDataSource [RMI TCP Connection(3)-127.0.0.1] HikariPool-1 - Shutdown completed.
2020-06-17 13:01:13,441 INFO com.STS.ApiApp [main] Starting ApiApp on MSATBSD-LP01027 with PID 14488 (D:\GEGDC\AS608741\STSworkspace\Tech-Shop\NewProject\target\classes started by AS608741 in D:\GEGDC\AS608741\STSworkspace\Tech-Shop\NewProject)
2020-06-17 13:01:13,445 INFO com.STS.ApiApp [main] No active profile set, falling back to default profiles: default
2020-06-17 13:01:14,286 INFO org.springframework.data.repository.config.RepositoryConfigurationDelegate [main] Bootstrapping Spring Data repositories in DEFAULT mode.
2020-06-17 13:01:14,315 INFO org.springframework.data.repository.config.RepositoryConfigurationDelegate [main] Finished Spring Data repository scanning in 20ms. Found 0 repository interfaces.
2020-06-17 13:01:14,746 INFO org.springframework.context.support.PostProcessorRegistrationDelegate$BeanPostProcessorChecker [main] Bean 'org.springframework.transaction.annotation.ProxyTransactionManagementConfiguration' of type [org.springframework.transaction.annotation.ProxyTransactionManagementConfiguration$$EnhancerBySpringCGLIB$$27bf69bf] is not eligible for getting processed by all BeanPostProcessors (for example: not eligible for auto-proxying)
2020-06-17 13:01:15,046 INFO org.springframework.boot.web.embedded.tomcat.TomcatWebServer [main] Tomcat initialized with port(s): 8080 (http)
2020-06-17 13:01:15,072 INFO org.apache.catalina.core.StandardService [main] Starting service [Tomcat]
2020-06-17 13:01:15,073 INFO org.apache.catalina.core.StandardEngine [main] Starting Servlet engine: [Apache Tomcat/9.0.21]
2020-06-17 13:01:15,237 INFO org.apache.catalina.core.ContainerBase.[Tomcat].[localhost].[/] [main] Initializing Spring embedded WebApplicationContext
2020-06-17 13:01:15,238 INFO org.springframework.web.context.ContextLoader [main] Root WebApplicationContext: initialization completed in 1721 ms
2020-06-17 13:01:15,385 INFO com.zaxxer.hikari.HikariDataSource [main] HikariPool-1 - Starting...
2020-06-17 13:01:15,494 INFO com.zaxxer.hikari.HikariDataSource [main] HikariPool-1 - Start completed.
2020-06-17 13:01:15,549 INFO org.hibernate.jpa.internal.util.LogHelper [main] HHH000204: Processing PersistenceUnitInfo [
	name: default
	...]
2020-06-17 13:01:15,618 INFO org.hibernate.Version [main] HHH000412: Hibernate Core {5.3.10.Final}
2020-06-17 13:01:15,619 INFO org.hibernate.cfg.Environment [main] HHH000206: hibernate.properties not found
2020-06-17 13:01:15,884 INFO org.hibernate.annotations.common.Version [main] HCANN000001: Hibernate Commons Annotations {5.0.4.Final}
2020-06-17 13:01:16,102 INFO org.hibernate.dialect.Dialect [main] HHH000400: Using dialect: org.hibernate.dialect.H2Dialect
2020-06-17 13:01:16,395 INFO org.hibernate.tool.schema.internal.SchemaCreatorImpl [main] HHH000476: Executing import script 'org.hibernate.tool.schema.internal.exec.ScriptSourceInputNonExistentImpl@77bb48d5'
2020-06-17 13:01:16,401 INFO org.springframework.orm.jpa.LocalContainerEntityManagerFactoryBean [main] Initialized JPA EntityManagerFactory for persistence unit 'default'
2020-06-17 13:01:16,758 INFO org.springframework.scheduling.concurrent.ThreadPoolTaskExecutor [main] Initializing ExecutorService 'applicationTaskExecutor'
2020-06-17 13:01:16,810 WARN org.springframework.boot.autoconfigure.orm.jpa.JpaBaseConfiguration$JpaWebConfiguration$JpaWebMvcConfiguration [main] spring.jpa.open-in-view is enabled by default. Therefore, database queries may be performed during view rendering. Explicitly configure spring.jpa.open-in-view to disable this warning
2020-06-17 13:01:17,014 WARN org.springframework.boot.autoconfigure.freemarker.FreeMarkerAutoConfiguration [main] Cannot find template location(s): [classpath:/templates/] (please add some templates, check your FreeMarker configuration, or set spring.freemarker.checkTemplateLocation=false)
2020-06-17 13:01:17,153 INFO org.springframework.boot.web.embedded.tomcat.TomcatWebServer [main] Tomcat started on port(s): 8080 (http) with context path ''
2020-06-17 13:01:17,158 INFO com.STS.ApiApp [main] Started ApiApp in 4.146 seconds (JVM running for 5.337)
2020-06-17 13:01:22,900 INFO org.apache.catalina.core.ContainerBase.[Tomcat].[localhost].[/] [http-nio-8080-exec-1] Initializing Spring DispatcherServlet 'dispatcherServlet'
2020-06-17 13:01:22,900 INFO org.springframework.web.servlet.DispatcherServlet [http-nio-8080-exec-1] Initializing Servlet 'dispatcherServlet'
2020-06-17 13:01:22,907 INFO org.springframework.web.servlet.DispatcherServlet [http-nio-8080-exec-1] Completed initialization in 7 ms
2020-06-17 13:05:48,810 INFO org.springframework.boot.admin.SpringApplicationAdminMXBeanRegistrar$SpringApplicationAdmin [RMI TCP Connection(4)-127.0.0.1] Application shutdown requested.
2020-06-17 13:05:48,815 INFO org.springframework.scheduling.concurrent.ThreadPoolTaskExecutor [RMI TCP Connection(4)-127.0.0.1] Shutting down ExecutorService 'applicationTaskExecutor'
2020-06-17 13:05:48,816 INFO org.springframework.orm.jpa.LocalContainerEntityManagerFactoryBean [RMI TCP Connection(4)-127.0.0.1] Closing JPA EntityManagerFactory for persistence unit 'default'
2020-06-17 13:05:48,816 INFO org.hibernate.tool.schema.internal.SchemaDropperImpl$DelayedDropActionImpl [RMI TCP Connection(4)-127.0.0.1] HHH000477: Starting delayed evictData of schema as part of SessionFactory shut-down'
2020-06-17 13:05:48,821 INFO com.zaxxer.hikari.HikariDataSource [RMI TCP Connection(4)-127.0.0.1] HikariPool-1 - Shutdown initiated...
2020-06-17 13:05:48,824 INFO com.zaxxer.hikari.HikariDataSource [RMI TCP Connection(4)-127.0.0.1] HikariPool-1 - Shutdown completed.
2020-06-17 13:05:54,407 INFO com.STS.ApiApp [main] Starting ApiApp on MSATBSD-LP01027 with PID 13128 (D:\GEGDC\AS608741\STSworkspace\Tech-Shop\NewProject\target\classes started by AS608741 in D:\GEGDC\AS608741\STSworkspace\Tech-Shop\NewProject)
2020-06-17 13:05:54,413 INFO com.STS.ApiApp [main] No active profile set, falling back to default profiles: default
2020-06-17 13:05:56,273 INFO org.springframework.data.repository.config.RepositoryConfigurationDelegate [main] Bootstrapping Spring Data repositories in DEFAULT mode.
2020-06-17 13:05:56,413 INFO org.springframework.data.repository.config.RepositoryConfigurationDelegate [main] Finished Spring Data repository scanning in 87ms. Found 0 repository interfaces.
2020-06-17 13:05:57,457 INFO org.springframework.context.support.PostProcessorRegistrationDelegate$BeanPostProcessorChecker [main] Bean 'org.springframework.transaction.annotation.ProxyTransactionManagementConfiguration' of type [org.springframework.transaction.annotation.ProxyTransactionManagementConfiguration$$EnhancerBySpringCGLIB$$247f80ae] is not eligible for getting processed by all BeanPostProcessors (for example: not eligible for auto-proxying)
2020-06-17 13:05:58,611 INFO org.springframework.boot.web.embedded.tomcat.TomcatWebServer [main] Tomcat initialized with port(s): 8080 (http)
2020-06-17 13:05:58,689 INFO org.apache.catalina.core.StandardService [main] Starting service [Tomcat]
2020-06-17 13:05:58,690 INFO org.apache.catalina.core.StandardEngine [main] Starting Servlet engine: [Apache Tomcat/9.0.21]
2020-06-17 13:05:58,960 INFO org.apache.catalina.core.ContainerBase.[Tomcat].[localhost].[/] [main] Initializing Spring embedded WebApplicationContext
2020-06-17 13:05:58,961 INFO org.springframework.web.context.ContextLoader [main] Root WebApplicationContext: initialization completed in 4459 ms
2020-06-17 13:05:59,271 INFO com.zaxxer.hikari.HikariDataSource [main] HikariPool-1 - Starting...
2020-06-17 13:05:59,814 INFO com.zaxxer.hikari.HikariDataSource [main] HikariPool-1 - Start completed.
2020-06-17 13:05:59,964 INFO org.hibernate.jpa.internal.util.LogHelper [main] HHH000204: Processing PersistenceUnitInfo [
	name: default
	...]
2020-06-17 13:06:00,134 INFO org.hibernate.Version [main] HHH000412: Hibernate Core {5.3.10.Final}
2020-06-17 13:06:00,138 INFO org.hibernate.cfg.Environment [main] HHH000206: hibernate.properties not found
2020-06-17 13:06:00,409 INFO org.hibernate.annotations.common.Version [main] HCANN000001: Hibernate Commons Annotations {5.0.4.Final}
2020-06-17 13:06:00,661 INFO org.hibernate.dialect.Dialect [main] HHH000400: Using dialect: org.hibernate.dialect.H2Dialect
2020-06-17 13:06:01,208 INFO org.hibernate.tool.schema.internal.SchemaCreatorImpl [main] HHH000476: Executing import script 'org.hibernate.tool.schema.internal.exec.ScriptSourceInputNonExistentImpl@539a138b'
2020-06-17 13:06:01,215 INFO org.springframework.orm.jpa.LocalContainerEntityManagerFactoryBean [main] Initialized JPA EntityManagerFactory for persistence unit 'default'
2020-06-17 13:06:01,877 INFO org.springframework.scheduling.concurrent.ThreadPoolTaskExecutor [main] Initializing ExecutorService 'applicationTaskExecutor'
2020-06-17 13:06:02,005 WARN org.springframework.boot.autoconfigure.orm.jpa.JpaBaseConfiguration$JpaWebConfiguration$JpaWebMvcConfiguration [main] spring.jpa.open-in-view is enabled by default. Therefore, database queries may be performed during view rendering. Explicitly configure spring.jpa.open-in-view to disable this warning
2020-06-17 13:06:02,542 WARN org.springframework.boot.autoconfigure.freemarker.FreeMarkerAutoConfiguration [main] Cannot find template location(s): [classpath:/templates/] (please add some templates, check your FreeMarker configuration, or set spring.freemarker.checkTemplateLocation=false)
2020-06-17 13:06:02,906 INFO org.springframework.boot.web.embedded.tomcat.TomcatWebServer [main] Tomcat started on port(s): 8080 (http) with context path ''
2020-06-17 13:06:02,912 INFO com.STS.ApiApp [main] Started ApiApp in 9.761 seconds (JVM running for 10.783)
2020-06-17 13:06:31,785 INFO org.apache.catalina.core.ContainerBase.[Tomcat].[localhost].[/] [http-nio-8080-exec-1] Initializing Spring DispatcherServlet 'dispatcherServlet'
2020-06-17 13:06:31,786 INFO org.springframework.web.servlet.DispatcherServlet [http-nio-8080-exec-1] Initializing Servlet 'dispatcherServlet'
2020-06-17 13:06:31,806 INFO org.springframework.web.servlet.DispatcherServlet [http-nio-8080-exec-1] Completed initialization in 20 ms
2020-06-17 13:08:33,561 INFO com.STS.ApiApp [main] Starting ApiApp on MSATBSD-LP01027 with PID 2504 (D:\GEGDC\AS608741\STSworkspace\Tech-Shop\NewProject\target\classes started by AS608741 in D:\GEGDC\AS608741\STSworkspace\Tech-Shop\NewProject)
2020-06-17 13:08:33,567 INFO com.STS.ApiApp [main] No active profile set, falling back to default profiles: default
2020-06-17 13:08:35,515 INFO org.springframework.data.repository.config.RepositoryConfigurationDelegate [main] Bootstrapping Spring Data repositories in DEFAULT mode.
2020-06-17 13:08:35,580 INFO org.springframework.data.repository.config.RepositoryConfigurationDelegate [main] Finished Spring Data repository scanning in 45ms. Found 0 repository interfaces.
2020-06-17 13:08:36,497 INFO org.springframework.context.support.PostProcessorRegistrationDelegate$BeanPostProcessorChecker [main] Bean 'org.springframework.transaction.annotation.ProxyTransactionManagementConfiguration' of type [org.springframework.transaction.annotation.ProxyTransactionManagementConfiguration$$EnhancerBySpringCGLIB$$34a81cba] is not eligible for getting processed by all BeanPostProcessors (for example: not eligible for auto-proxying)
2020-06-17 13:08:38,050 INFO org.springframework.boot.web.embedded.tomcat.TomcatWebServer [main] Tomcat initialized with port(s): 8080 (http)
2020-06-17 13:08:38,123 INFO org.apache.catalina.core.StandardService [main] Starting service [Tomcat]
2020-06-17 13:08:38,124 INFO org.apache.catalina.core.StandardEngine [main] Starting Servlet engine: [Apache Tomcat/9.0.21]
2020-06-17 13:08:38,477 INFO org.apache.catalina.core.ContainerBase.[Tomcat].[localhost].[/] [main] Initializing Spring embedded WebApplicationContext
2020-06-17 13:08:38,478 INFO org.springframework.web.context.ContextLoader [main] Root WebApplicationContext: initialization completed in 4710 ms
2020-06-17 13:08:38,865 INFO com.zaxxer.hikari.HikariDataSource [main] HikariPool-1 - Starting...
2020-06-17 13:08:39,464 INFO com.zaxxer.hikari.HikariDataSource [main] HikariPool-1 - Start completed.
2020-06-17 13:08:39,649 INFO org.hibernate.jpa.internal.util.LogHelper [main] HHH000204: Processing PersistenceUnitInfo [
	name: default
	...]
2020-06-17 13:08:39,825 INFO org.hibernate.Version [main] HHH000412: Hibernate Core {5.3.10.Final}
2020-06-17 13:08:39,827 INFO org.hibernate.cfg.Environment [main] HHH000206: hibernate.properties not found
2020-06-17 13:08:40,047 INFO org.hibernate.annotations.common.Version [main] HCANN000001: Hibernate Commons Annotations {5.0.4.Final}
2020-06-17 13:08:40,280 INFO org.hibernate.dialect.Dialect [main] HHH000400: Using dialect: org.hibernate.dialect.H2Dialect
2020-06-17 13:08:40,633 INFO org.hibernate.tool.schema.internal.SchemaCreatorImpl [main] HHH000476: Executing import script 'org.hibernate.tool.schema.internal.exec.ScriptSourceInputNonExistentImpl@d257579'
2020-06-17 13:08:40,638 INFO org.springframework.orm.jpa.LocalContainerEntityManagerFactoryBean [main] Initialized JPA EntityManagerFactory for persistence unit 'default'
2020-06-17 13:08:41,080 INFO org.springframework.scheduling.concurrent.ThreadPoolTaskExecutor [main] Initializing ExecutorService 'applicationTaskExecutor'
2020-06-17 13:08:41,169 WARN org.springframework.boot.autoconfigure.orm.jpa.JpaBaseConfiguration$JpaWebConfiguration$JpaWebMvcConfiguration [main] spring.jpa.open-in-view is enabled by default. Therefore, database queries may be performed during view rendering. Explicitly configure spring.jpa.open-in-view to disable this warning
2020-06-17 13:08:41,562 WARN org.springframework.boot.autoconfigure.freemarker.FreeMarkerAutoConfiguration [main] Cannot find template location(s): [classpath:/templates/] (please add some templates, check your FreeMarker configuration, or set spring.freemarker.checkTemplateLocation=false)
2020-06-17 13:08:41,748 INFO org.springframework.boot.web.embedded.tomcat.TomcatWebServer [main] Tomcat started on port(s): 8080 (http) with context path ''
2020-06-17 13:08:41,753 INFO com.STS.ApiApp [main] Started ApiApp in 9.057 seconds (JVM running for 10.091)
2020-06-17 13:08:48,825 INFO org.apache.catalina.core.ContainerBase.[Tomcat].[localhost].[/] [http-nio-8080-exec-1] Initializing Spring DispatcherServlet 'dispatcherServlet'
2020-06-17 13:08:48,825 INFO org.springframework.web.servlet.DispatcherServlet [http-nio-8080-exec-1] Initializing Servlet 'dispatcherServlet'
2020-06-17 13:08:48,839 INFO org.springframework.web.servlet.DispatcherServlet [http-nio-8080-exec-1] Completed initialization in 14 ms
2020-06-17 13:09:55,864 INFO com.STS.ApiApp [main] Starting ApiApp on MSATBSD-LP01027 with PID 14364 (D:\GEGDC\AS608741\STSworkspace\Tech-Shop\NewProject\target\classes started by AS608741 in D:\GEGDC\AS608741\STSworkspace\Tech-Shop\NewProject)
2020-06-17 13:09:55,881 INFO com.STS.ApiApp [main] No active profile set, falling back to default profiles: default
2020-06-17 13:09:57,368 INFO org.springframework.data.repository.config.RepositoryConfigurationDelegate [main] Bootstrapping Spring Data repositories in DEFAULT mode.
2020-06-17 13:09:57,408 INFO org.springframework.data.repository.config.RepositoryConfigurationDelegate [main] Finished Spring Data repository scanning in 27ms. Found 0 repository interfaces.
2020-06-17 13:09:58,077 INFO org.springframework.context.support.PostProcessorRegistrationDelegate$BeanPostProcessorChecker [main] Bean 'org.springframework.transaction.annotation.ProxyTransactionManagementConfiguration' of type [org.springframework.transaction.annotation.ProxyTransactionManagementConfiguration$$EnhancerBySpringCGLIB$$666445bd] is not eligible for getting processed by all BeanPostProcessors (for example: not eligible for auto-proxying)
2020-06-17 13:09:58,994 INFO org.springframework.boot.web.embedded.tomcat.TomcatWebServer [main] Tomcat initialized with port(s): 8080 (http)
2020-06-17 13:09:59,044 INFO org.apache.catalina.core.StandardService [main] Starting service [Tomcat]
2020-06-17 13:09:59,045 INFO org.apache.catalina.core.StandardEngine [main] Starting Servlet engine: [Apache Tomcat/9.0.21]
2020-06-17 13:09:59,321 INFO org.apache.catalina.core.ContainerBase.[Tomcat].[localhost].[/] [main] Initializing Spring embedded WebApplicationContext
2020-06-17 13:09:59,321 INFO org.springframework.web.context.ContextLoader [main] Root WebApplicationContext: initialization completed in 3332 ms
2020-06-17 13:09:59,572 INFO com.zaxxer.hikari.HikariDataSource [main] HikariPool-1 - Starting...
2020-06-17 13:09:59,946 INFO com.zaxxer.hikari.HikariDataSource [main] HikariPool-1 - Start completed.
2020-06-17 13:10:00,102 INFO org.hibernate.jpa.internal.util.LogHelper [main] HHH000204: Processing PersistenceUnitInfo [
	name: default
	...]
2020-06-17 13:10:00,297 INFO org.hibernate.Version [main] HHH000412: Hibernate Core {5.3.10.Final}
2020-06-17 13:10:00,300 INFO org.hibernate.cfg.Environment [main] HHH000206: hibernate.properties not found
2020-06-17 13:10:00,606 INFO org.hibernate.annotations.common.Version [main] HCANN000001: Hibernate Commons Annotations {5.0.4.Final}
2020-06-17 13:10:00,831 INFO org.hibernate.dialect.Dialect [main] HHH000400: Using dialect: org.hibernate.dialect.H2Dialect
2020-06-17 13:10:01,248 INFO org.hibernate.tool.schema.internal.SchemaCreatorImpl [main] HHH000476: Executing import script 'org.hibernate.tool.schema.internal.exec.ScriptSourceInputNonExistentImpl@7c1447b5'
2020-06-17 13:10:01,256 INFO org.springframework.orm.jpa.LocalContainerEntityManagerFactoryBean [main] Initialized JPA EntityManagerFactory for persistence unit 'default'
2020-06-17 13:10:01,777 INFO org.springframework.scheduling.concurrent.ThreadPoolTaskExecutor [main] Initializing ExecutorService 'applicationTaskExecutor'
2020-06-17 13:10:01,871 WARN org.springframework.boot.autoconfigure.orm.jpa.JpaBaseConfiguration$JpaWebConfiguration$JpaWebMvcConfiguration [main] spring.jpa.open-in-view is enabled by default. Therefore, database queries may be performed during view rendering. Explicitly configure spring.jpa.open-in-view to disable this warning
2020-06-17 13:10:02,274 WARN org.springframework.boot.autoconfigure.freemarker.FreeMarkerAutoConfiguration [main] Cannot find template location(s): [classpath:/templates/] (please add some templates, check your FreeMarker configuration, or set spring.freemarker.checkTemplateLocation=false)
2020-06-17 13:10:02,518 INFO org.springframework.boot.web.embedded.tomcat.TomcatWebServer [main] Tomcat started on port(s): 8080 (http) with context path ''
2020-06-17 13:10:02,526 INFO com.STS.ApiApp [main] Started ApiApp in 7.367 seconds (JVM running for 8.394)
2020-06-17 13:10:12,698 INFO org.apache.catalina.core.ContainerBase.[Tomcat].[localhost].[/] [http-nio-8080-exec-1] Initializing Spring DispatcherServlet 'dispatcherServlet'
2020-06-17 13:10:12,699 INFO org.springframework.web.servlet.DispatcherServlet [http-nio-8080-exec-1] Initializing Servlet 'dispatcherServlet'
2020-06-17 13:10:12,713 INFO org.springframework.web.servlet.DispatcherServlet [http-nio-8080-exec-1] Completed initialization in 14 ms
2020-06-17 13:12:14,641 INFO com.STS.ApiApp [main] Starting ApiApp on MSATBSD-LP01027 with PID 4444 (D:\GEGDC\AS608741\STSworkspace\Tech-Shop\NewProject\target\classes started by AS608741 in D:\GEGDC\AS608741\STSworkspace\Tech-Shop\NewProject)
2020-06-17 13:12:14,646 INFO com.STS.ApiApp [main] No active profile set, falling back to default profiles: default
2020-06-17 13:12:15,452 INFO org.springframework.data.repository.config.RepositoryConfigurationDelegate [main] Bootstrapping Spring Data repositories in DEFAULT mode.
2020-06-17 13:12:15,479 INFO org.springframework.data.repository.config.RepositoryConfigurationDelegate [main] Finished Spring Data repository scanning in 17ms. Found 0 repository interfaces.
2020-06-17 13:12:15,845 INFO org.springframework.context.support.PostProcessorRegistrationDelegate$BeanPostProcessorChecker [main] Bean 'org.springframework.transaction.annotation.ProxyTransactionManagementConfiguration' of type [org.springframework.transaction.annotation.ProxyTransactionManagementConfiguration$$EnhancerBySpringCGLIB$$1ca1ffb6] is not eligible for getting processed by all BeanPostProcessors (for example: not eligible for auto-proxying)
2020-06-17 13:12:16,219 INFO org.springframework.boot.web.embedded.tomcat.TomcatWebServer [main] Tomcat initialized with port(s): 8080 (http)
2020-06-17 13:12:16,265 INFO org.apache.catalina.core.StandardService [main] Starting service [Tomcat]
2020-06-17 13:12:16,266 INFO org.apache.catalina.core.StandardEngine [main] Starting Servlet engine: [Apache Tomcat/9.0.21]
2020-06-17 13:12:16,471 INFO org.apache.catalina.core.ContainerBase.[Tomcat].[localhost].[/] [main] Initializing Spring embedded WebApplicationContext
2020-06-17 13:12:16,472 INFO org.springframework.web.context.ContextLoader [main] Root WebApplicationContext: initialization completed in 1756 ms
2020-06-17 13:12:16,623 INFO com.zaxxer.hikari.HikariDataSource [main] HikariPool-1 - Starting...
2020-06-17 13:12:16,728 INFO com.zaxxer.hikari.HikariDataSource [main] HikariPool-1 - Start completed.
2020-06-17 13:12:16,788 INFO org.hibernate.jpa.internal.util.LogHelper [main] HHH000204: Processing PersistenceUnitInfo [
	name: default
	...]
2020-06-17 13:12:16,855 INFO org.hibernate.Version [main] HHH000412: Hibernate Core {5.3.10.Final}
2020-06-17 13:12:16,858 INFO org.hibernate.cfg.Environment [main] HHH000206: hibernate.properties not found
2020-06-17 13:12:17,129 INFO org.hibernate.annotations.common.Version [main] HCANN000001: Hibernate Commons Annotations {5.0.4.Final}
2020-06-17 13:12:17,292 INFO org.hibernate.dialect.Dialect [main] HHH000400: Using dialect: org.hibernate.dialect.H2Dialect
2020-06-17 13:12:17,573 INFO org.hibernate.tool.schema.internal.SchemaCreatorImpl [main] HHH000476: Executing import script 'org.hibernate.tool.schema.internal.exec.ScriptSourceInputNonExistentImpl@6812fa3a'
2020-06-17 13:12:17,577 INFO org.springframework.orm.jpa.LocalContainerEntityManagerFactoryBean [main] Initialized JPA EntityManagerFactory for persistence unit 'default'
2020-06-17 13:12:17,873 INFO org.springframework.scheduling.concurrent.ThreadPoolTaskExecutor [main] Initializing ExecutorService 'applicationTaskExecutor'
2020-06-17 13:12:17,911 WARN org.springframework.boot.autoconfigure.orm.jpa.JpaBaseConfiguration$JpaWebConfiguration$JpaWebMvcConfiguration [main] spring.jpa.open-in-view is enabled by default. Therefore, database queries may be performed during view rendering. Explicitly configure spring.jpa.open-in-view to disable this warning
2020-06-17 13:12:18,139 WARN org.springframework.boot.autoconfigure.freemarker.FreeMarkerAutoConfiguration [main] Cannot find template location(s): [classpath:/templates/] (please add some templates, check your FreeMarker configuration, or set spring.freemarker.checkTemplateLocation=false)
2020-06-17 13:12:18,254 INFO org.springframework.boot.web.embedded.tomcat.TomcatWebServer [main] Tomcat started on port(s): 8080 (http) with context path ''
2020-06-17 13:12:18,257 INFO com.STS.ApiApp [main] Started ApiApp in 4.06 seconds (JVM running for 5.369)
2020-06-17 13:16:56,443 INFO org.springframework.boot.admin.SpringApplicationAdminMXBeanRegistrar$SpringApplicationAdmin [RMI TCP Connection(4)-127.0.0.1] Application shutdown requested.
2020-06-17 13:16:56,447 INFO org.springframework.scheduling.concurrent.ThreadPoolTaskExecutor [RMI TCP Connection(4)-127.0.0.1] Shutting down ExecutorService 'applicationTaskExecutor'
2020-06-17 13:16:56,448 INFO org.springframework.orm.jpa.LocalContainerEntityManagerFactoryBean [RMI TCP Connection(4)-127.0.0.1] Closing JPA EntityManagerFactory for persistence unit 'default'
2020-06-17 13:16:56,449 INFO org.hibernate.tool.schema.internal.SchemaDropperImpl$DelayedDropActionImpl [RMI TCP Connection(4)-127.0.0.1] HHH000477: Starting delayed evictData of schema as part of SessionFactory shut-down'
2020-06-17 13:16:56,455 INFO com.zaxxer.hikari.HikariDataSource [RMI TCP Connection(4)-127.0.0.1] HikariPool-1 - Shutdown initiated...
2020-06-17 13:16:56,457 INFO com.zaxxer.hikari.HikariDataSource [RMI TCP Connection(4)-127.0.0.1] HikariPool-1 - Shutdown completed.
2020-06-17 13:17:01,482 INFO com.STS.ApiApp [main] Starting ApiApp on MSATBSD-LP01027 with PID 13896 (D:\GEGDC\AS608741\STSworkspace\Tech-Shop\NewProject\target\classes started by AS608741 in D:\GEGDC\AS608741\STSworkspace\Tech-Shop\NewProject)
2020-06-17 13:17:01,486 INFO com.STS.ApiApp [main] No active profile set, falling back to default profiles: default
2020-06-17 13:17:02,508 INFO org.springframework.data.repository.config.RepositoryConfigurationDelegate [main] Bootstrapping Spring Data repositories in DEFAULT mode.
2020-06-17 13:17:02,542 INFO org.springframework.data.repository.config.RepositoryConfigurationDelegate [main] Finished Spring Data repository scanning in 23ms. Found 0 repository interfaces.
2020-06-17 13:17:03,047 INFO org.springframework.context.support.PostProcessorRegistrationDelegate$BeanPostProcessorChecker [main] Bean 'org.springframework.transaction.annotation.ProxyTransactionManagementConfiguration' of type [org.springframework.transaction.annotation.ProxyTransactionManagementConfiguration$$EnhancerBySpringCGLIB$$1f51d078] is not eligible for getting processed by all BeanPostProcessors (for example: not eligible for auto-proxying)
2020-06-17 13:17:03,453 INFO org.springframework.boot.web.embedded.tomcat.TomcatWebServer [main] Tomcat initialized with port(s): 8080 (http)
2020-06-17 13:17:03,493 INFO org.apache.catalina.core.StandardService [main] Starting service [Tomcat]
2020-06-17 13:17:03,494 INFO org.apache.catalina.core.StandardEngine [main] Starting Servlet engine: [Apache Tomcat/9.0.21]
2020-06-17 13:17:03,934 INFO org.apache.jasper.servlet.TldScanner [main] At least one JAR was scanned for TLDs yet contained no TLDs. Enable debug logging for this logger for a complete list of JARs that were scanned but no TLDs were found in them. Skipping unneeded JARs during scanning can improve startup time and JSP compilation time.
2020-06-17 13:17:03,946 INFO org.apache.catalina.core.ContainerBase.[Tomcat].[localhost].[/] [main] Initializing Spring embedded WebApplicationContext
2020-06-17 13:17:03,947 INFO org.springframework.web.context.ContextLoader [main] Root WebApplicationContext: initialization completed in 2386 ms
2020-06-17 13:17:04,207 INFO com.zaxxer.hikari.HikariDataSource [main] HikariPool-1 - Starting...
2020-06-17 13:17:04,442 INFO com.zaxxer.hikari.HikariDataSource [main] HikariPool-1 - Start completed.
2020-06-17 13:17:04,541 INFO org.hibernate.jpa.internal.util.LogHelper [main] HHH000204: Processing PersistenceUnitInfo [
	name: default
	...]
2020-06-17 13:17:04,764 INFO org.hibernate.Version [main] HHH000412: Hibernate Core {5.3.10.Final}
2020-06-17 13:17:04,765 INFO org.hibernate.cfg.Environment [main] HHH000206: hibernate.properties not found
2020-06-17 13:17:04,916 INFO org.hibernate.annotations.common.Version [main] HCANN000001: Hibernate Commons Annotations {5.0.4.Final}
2020-06-17 13:17:05,091 INFO org.hibernate.dialect.Dialect [main] HHH000400: Using dialect: org.hibernate.dialect.H2Dialect
2020-06-17 13:17:05,316 INFO org.hibernate.tool.schema.internal.SchemaCreatorImpl [main] HHH000476: Executing import script 'org.hibernate.tool.schema.internal.exec.ScriptSourceInputNonExistentImpl@5ad5be4a'
2020-06-17 13:17:05,320 INFO org.springframework.orm.jpa.LocalContainerEntityManagerFactoryBean [main] Initialized JPA EntityManagerFactory for persistence unit 'default'
2020-06-17 13:17:05,726 INFO org.springframework.scheduling.concurrent.ThreadPoolTaskExecutor [main] Initializing ExecutorService 'applicationTaskExecutor'
2020-06-17 13:17:05,763 WARN org.springframework.boot.autoconfigure.orm.jpa.JpaBaseConfiguration$JpaWebConfiguration$JpaWebMvcConfiguration [main] spring.jpa.open-in-view is enabled by default. Therefore, database queries may be performed during view rendering. Explicitly configure spring.jpa.open-in-view to disable this warning
2020-06-17 13:17:05,864 INFO org.springframework.boot.autoconfigure.web.servlet.WelcomePageHandlerMapping [main] Adding welcome page template: index
2020-06-17 13:17:05,943 WARN org.springframework.boot.autoconfigure.freemarker.FreeMarkerAutoConfiguration [main] Cannot find template location(s): [classpath:/templates/] (please add some templates, check your FreeMarker configuration, or set spring.freemarker.checkTemplateLocation=false)
2020-06-17 13:17:06,090 INFO org.springframework.boot.web.embedded.tomcat.TomcatWebServer [main] Tomcat started on port(s): 8080 (http) with context path ''
2020-06-17 13:17:06,094 INFO com.STS.ApiApp [main] Started ApiApp in 5.164 seconds (JVM running for 6.405)
2020-06-17 13:17:44,128 INFO org.apache.catalina.core.ContainerBase.[Tomcat].[localhost].[/] [http-nio-8080-exec-1] Initializing Spring DispatcherServlet 'dispatcherServlet'
2020-06-17 13:17:44,129 INFO org.springframework.web.servlet.DispatcherServlet [http-nio-8080-exec-1] Initializing Servlet 'dispatcherServlet'
2020-06-17 13:17:44,138 INFO org.springframework.web.servlet.DispatcherServlet [http-nio-8080-exec-1] Completed initialization in 8 ms
2020-06-17 13:20:31,450 INFO org.springframework.boot.admin.SpringApplicationAdminMXBeanRegistrar$SpringApplicationAdmin [RMI TCP Connection(4)-127.0.0.1] Application shutdown requested.
2020-06-17 13:20:31,455 INFO org.springframework.scheduling.concurrent.ThreadPoolTaskExecutor [RMI TCP Connection(4)-127.0.0.1] Shutting down ExecutorService 'applicationTaskExecutor'
2020-06-17 13:20:31,456 INFO org.springframework.orm.jpa.LocalContainerEntityManagerFactoryBean [RMI TCP Connection(4)-127.0.0.1] Closing JPA EntityManagerFactory for persistence unit 'default'
2020-06-17 13:20:31,457 INFO org.hibernate.tool.schema.internal.SchemaDropperImpl$DelayedDropActionImpl [RMI TCP Connection(4)-127.0.0.1] HHH000477: Starting delayed evictData of schema as part of SessionFactory shut-down'
2020-06-17 13:20:31,493 INFO com.zaxxer.hikari.HikariDataSource [RMI TCP Connection(4)-127.0.0.1] HikariPool-1 - Shutdown initiated...
2020-06-17 13:20:31,498 INFO com.zaxxer.hikari.HikariDataSource [RMI TCP Connection(4)-127.0.0.1] HikariPool-1 - Shutdown completed.
2020-06-17 13:20:37,382 INFO com.STS.ApiApp [main] Starting ApiApp on MSATBSD-LP01027 with PID 13752 (D:\GEGDC\AS608741\STSworkspace\Tech-Shop\NewProject\target\classes started by AS608741 in D:\GEGDC\AS608741\STSworkspace\Tech-Shop\NewProject)
2020-06-17 13:20:37,386 INFO com.STS.ApiApp [main] No active profile set, falling back to default profiles: default
2020-06-17 13:20:38,241 INFO org.springframework.data.repository.config.RepositoryConfigurationDelegate [main] Bootstrapping Spring Data repositories in DEFAULT mode.
2020-06-17 13:20:38,274 INFO org.springframework.data.repository.config.RepositoryConfigurationDelegate [main] Finished Spring Data repository scanning in 21ms. Found 0 repository interfaces.
2020-06-17 13:20:38,638 INFO org.springframework.context.support.PostProcessorRegistrationDelegate$BeanPostProcessorChecker [main] Bean 'org.springframework.transaction.annotation.ProxyTransactionManagementConfiguration' of type [org.springframework.transaction.annotation.ProxyTransactionManagementConfiguration$$EnhancerBySpringCGLIB$$bf49c26e] is not eligible for getting processed by all BeanPostProcessors (for example: not eligible for auto-proxying)
2020-06-17 13:20:38,922 INFO org.springframework.boot.web.embedded.tomcat.TomcatWebServer [main] Tomcat initialized with port(s): 8080 (http)
2020-06-17 13:20:38,948 INFO org.apache.catalina.core.StandardService [main] Starting service [Tomcat]
2020-06-17 13:20:38,948 INFO org.apache.catalina.core.StandardEngine [main] Starting Servlet engine: [Apache Tomcat/9.0.21]
2020-06-17 13:20:39,477 INFO org.apache.jasper.servlet.TldScanner [main] At least one JAR was scanned for TLDs yet contained no TLDs. Enable debug logging for this logger for a complete list of JARs that were scanned but no TLDs were found in them. Skipping unneeded JARs during scanning can improve startup time and JSP compilation time.
2020-06-17 13:20:39,488 INFO org.apache.catalina.core.ContainerBase.[Tomcat].[localhost].[/] [main] Initializing Spring embedded WebApplicationContext
2020-06-17 13:20:39,488 INFO org.springframework.web.context.ContextLoader [main] Root WebApplicationContext: initialization completed in 2041 ms
2020-06-17 13:20:39,706 INFO com.zaxxer.hikari.HikariDataSource [main] HikariPool-1 - Starting...
2020-06-17 13:20:39,944 INFO com.zaxxer.hikari.HikariDataSource [main] HikariPool-1 - Start completed.
2020-06-17 13:20:40,109 INFO org.hibernate.jpa.internal.util.LogHelper [main] HHH000204: Processing PersistenceUnitInfo [
	name: default
	...]
2020-06-17 13:20:40,308 INFO org.hibernate.Version [main] HHH000412: Hibernate Core {5.3.10.Final}
2020-06-17 13:20:40,309 INFO org.hibernate.cfg.Environment [main] HHH000206: hibernate.properties not found
2020-06-17 13:20:40,459 INFO org.hibernate.annotations.common.Version [main] HCANN000001: Hibernate Commons Annotations {5.0.4.Final}
2020-06-17 13:20:40,602 INFO org.hibernate.dialect.Dialect [main] HHH000400: Using dialect: org.hibernate.dialect.H2Dialect
2020-06-17 13:20:40,814 INFO org.hibernate.tool.schema.internal.SchemaCreatorImpl [main] HHH000476: Executing import script 'org.hibernate.tool.schema.internal.exec.ScriptSourceInputNonExistentImpl@77865933'
2020-06-17 13:20:40,820 INFO org.springframework.orm.jpa.LocalContainerEntityManagerFactoryBean [main] Initialized JPA EntityManagerFactory for persistence unit 'default'
2020-06-17 13:20:41,090 INFO org.springframework.scheduling.concurrent.ThreadPoolTaskExecutor [main] Initializing ExecutorService 'applicationTaskExecutor'
2020-06-17 13:20:41,128 WARN org.springframework.boot.autoconfigure.orm.jpa.JpaBaseConfiguration$JpaWebConfiguration$JpaWebMvcConfiguration [main] spring.jpa.open-in-view is enabled by default. Therefore, database queries may be performed during view rendering. Explicitly configure spring.jpa.open-in-view to disable this warning
2020-06-17 13:20:41,252 INFO org.springframework.boot.autoconfigure.web.servlet.WelcomePageHandlerMapping [main] Adding welcome page template: index
2020-06-17 13:20:41,335 WARN org.springframework.boot.autoconfigure.freemarker.FreeMarkerAutoConfiguration [main] Cannot find template location(s): [classpath:/templates/] (please add some templates, check your FreeMarker configuration, or set spring.freemarker.checkTemplateLocation=false)
2020-06-17 13:20:41,468 INFO org.springframework.boot.web.embedded.tomcat.TomcatWebServer [main] Tomcat started on port(s): 8080 (http) with context path ''
2020-06-17 13:20:41,471 INFO com.STS.ApiApp [main] Started ApiApp in 4.576 seconds (JVM running for 6.697)
2020-06-17 13:20:55,924 INFO org.apache.catalina.core.ContainerBase.[Tomcat].[localhost].[/] [http-nio-8080-exec-1] Initializing Spring DispatcherServlet 'dispatcherServlet'
2020-06-17 13:20:55,925 INFO org.springframework.web.servlet.DispatcherServlet [http-nio-8080-exec-1] Initializing Servlet 'dispatcherServlet'
2020-06-17 13:20:55,933 INFO org.springframework.web.servlet.DispatcherServlet [http-nio-8080-exec-1] Completed initialization in 8 ms
2020-06-17 13:22:04,455 INFO org.springframework.boot.admin.SpringApplicationAdminMXBeanRegistrar$SpringApplicationAdmin [RMI TCP Connection(4)-127.0.0.1] Application shutdown requested.
2020-06-17 13:22:04,459 INFO org.springframework.scheduling.concurrent.ThreadPoolTaskExecutor [RMI TCP Connection(4)-127.0.0.1] Shutting down ExecutorService 'applicationTaskExecutor'
2020-06-17 13:22:04,459 INFO org.springframework.orm.jpa.LocalContainerEntityManagerFactoryBean [RMI TCP Connection(4)-127.0.0.1] Closing JPA EntityManagerFactory for persistence unit 'default'
2020-06-17 13:22:04,460 INFO org.hibernate.tool.schema.internal.SchemaDropperImpl$DelayedDropActionImpl [RMI TCP Connection(4)-127.0.0.1] HHH000477: Starting delayed evictData of schema as part of SessionFactory shut-down'
2020-06-17 13:22:04,464 INFO com.zaxxer.hikari.HikariDataSource [RMI TCP Connection(4)-127.0.0.1] HikariPool-1 - Shutdown initiated...
2020-06-17 13:22:04,467 INFO com.zaxxer.hikari.HikariDataSource [RMI TCP Connection(4)-127.0.0.1] HikariPool-1 - Shutdown completed.
2020-06-17 13:22:09,145 INFO com.STS.ApiApp [main] Starting ApiApp on MSATBSD-LP01027 with PID 12376 (D:\GEGDC\AS608741\STSworkspace\Tech-Shop\NewProject\target\classes started by AS608741 in D:\GEGDC\AS608741\STSworkspace\Tech-Shop\NewProject)
2020-06-17 13:22:09,149 INFO com.STS.ApiApp [main] No active profile set, falling back to default profiles: default
2020-06-17 13:22:11,080 INFO org.springframework.data.repository.config.RepositoryConfigurationDelegate [main] Bootstrapping Spring Data repositories in DEFAULT mode.
2020-06-17 13:22:11,123 INFO org.springframework.data.repository.config.RepositoryConfigurationDelegate [main] Finished Spring Data repository scanning in 28ms. Found 0 repository interfaces.
2020-06-17 13:22:11,759 INFO org.springframework.context.support.PostProcessorRegistrationDelegate$BeanPostProcessorChecker [main] Bean 'org.springframework.transaction.annotation.ProxyTransactionManagementConfiguration' of type [org.springframework.transaction.annotation.ProxyTransactionManagementConfiguration$$EnhancerBySpringCGLIB$$c11edaee] is not eligible for getting processed by all BeanPostProcessors (for example: not eligible for auto-proxying)
2020-06-17 13:22:12,708 INFO org.springframework.boot.web.embedded.tomcat.TomcatWebServer [main] Tomcat initialized with port(s): 8080 (http)
2020-06-17 13:22:12,757 INFO org.apache.catalina.core.StandardService [main] Starting service [Tomcat]
2020-06-17 13:22:12,758 INFO org.apache.catalina.core.StandardEngine [main] Starting Servlet engine: [Apache Tomcat/9.0.21]
2020-06-17 13:22:13,194 INFO org.apache.jasper.servlet.TldScanner [main] At least one JAR was scanned for TLDs yet contained no TLDs. Enable debug logging for this logger for a complete list of JARs that were scanned but no TLDs were found in them. Skipping unneeded JARs during scanning can improve startup time and JSP compilation time.
2020-06-17 13:22:13,205 INFO org.apache.catalina.core.ContainerBase.[Tomcat].[localhost].[/] [main] Initializing Spring embedded WebApplicationContext
2020-06-17 13:22:13,206 INFO org.springframework.web.context.ContextLoader [main] Root WebApplicationContext: initialization completed in 3975 ms
2020-06-17 13:22:13,485 INFO com.zaxxer.hikari.HikariDataSource [main] HikariPool-1 - Starting...
2020-06-17 13:22:13,837 INFO com.zaxxer.hikari.HikariDataSource [main] HikariPool-1 - Start completed.
2020-06-17 13:22:13,949 INFO org.hibernate.jpa.internal.util.LogHelper [main] HHH000204: Processing PersistenceUnitInfo [
	name: default
	...]
2020-06-17 13:22:14,087 INFO org.hibernate.Version [main] HHH000412: Hibernate Core {5.3.10.Final}
2020-06-17 13:22:14,089 INFO org.hibernate.cfg.Environment [main] HHH000206: hibernate.properties not found
2020-06-17 13:22:14,307 INFO org.hibernate.annotations.common.Version [main] HCANN000001: Hibernate Commons Annotations {5.0.4.Final}
2020-06-17 13:22:14,570 INFO org.hibernate.dialect.Dialect [main] HHH000400: Using dialect: org.hibernate.dialect.H2Dialect
2020-06-17 13:22:14,935 INFO org.hibernate.tool.schema.internal.SchemaCreatorImpl [main] HHH000476: Executing import script 'org.hibernate.tool.schema.internal.exec.ScriptSourceInputNonExistentImpl@7e351d7'
2020-06-17 13:22:14,940 INFO org.springframework.orm.jpa.LocalContainerEntityManagerFactoryBean [main] Initialized JPA EntityManagerFactory for persistence unit 'default'
2020-06-17 13:22:15,376 INFO org.springframework.scheduling.concurrent.ThreadPoolTaskExecutor [main] Initializing ExecutorService 'applicationTaskExecutor'
2020-06-17 13:22:15,458 WARN org.springframework.boot.autoconfigure.orm.jpa.JpaBaseConfiguration$JpaWebConfiguration$JpaWebMvcConfiguration [main] spring.jpa.open-in-view is enabled by default. Therefore, database queries may be performed during view rendering. Explicitly configure spring.jpa.open-in-view to disable this warning
2020-06-17 13:22:15,626 INFO org.springframework.boot.autoconfigure.web.servlet.WelcomePageHandlerMapping [main] Adding welcome page template: index
2020-06-17 13:22:15,858 WARN org.springframework.boot.autoconfigure.freemarker.FreeMarkerAutoConfiguration [main] Cannot find template location(s): [classpath:/templates/] (please add some templates, check your FreeMarker configuration, or set spring.freemarker.checkTemplateLocation=false)
2020-06-17 13:22:16,074 INFO org.springframework.boot.web.embedded.tomcat.TomcatWebServer [main] Tomcat started on port(s): 8080 (http) with context path ''
2020-06-17 13:22:16,079 INFO com.STS.ApiApp [main] Started ApiApp in 7.628 seconds (JVM running for 8.39)
2020-06-17 13:22:20,025 INFO org.apache.catalina.core.ContainerBase.[Tomcat].[localhost].[/] [http-nio-8080-exec-1] Initializing Spring DispatcherServlet 'dispatcherServlet'
2020-06-17 13:22:20,025 INFO org.springframework.web.servlet.DispatcherServlet [http-nio-8080-exec-1] Initializing Servlet 'dispatcherServlet'
2020-06-17 13:22:20,039 INFO org.springframework.web.servlet.DispatcherServlet [http-nio-8080-exec-1] Completed initialization in 14 ms
2020-06-17 13:23:27,410 INFO com.STS.ApiApp [main] Starting ApiApp on MSATBSD-LP01027 with PID 15272 (D:\GEGDC\AS608741\STSworkspace\Tech-Shop\NewProject\target\classes started by AS608741 in D:\GEGDC\AS608741\STSworkspace\Tech-Shop\NewProject)
2020-06-17 13:23:27,420 INFO com.STS.ApiApp [main] No active profile set, falling back to default profiles: default
2020-06-17 13:23:29,975 INFO org.springframework.data.repository.config.RepositoryConfigurationDelegate [main] Bootstrapping Spring Data repositories in DEFAULT mode.
2020-06-17 13:23:30,042 INFO org.springframework.data.repository.config.RepositoryConfigurationDelegate [main] Finished Spring Data repository scanning in 43ms. Found 0 repository interfaces.
2020-06-17 13:23:31,066 INFO org.springframework.context.support.PostProcessorRegistrationDelegate$BeanPostProcessorChecker [main] Bean 'org.springframework.transaction.annotation.ProxyTransactionManagementConfiguration' of type [org.springframework.transaction.annotation.ProxyTransactionManagementConfiguration$$EnhancerBySpringCGLIB$$532048c] is not eligible for getting processed by all BeanPostProcessors (for example: not eligible for auto-proxying)
2020-06-17 13:23:32,372 INFO org.springframework.boot.web.embedded.tomcat.TomcatWebServer [main] Tomcat initialized with port(s): 8080 (http)
2020-06-17 13:23:32,445 INFO org.apache.catalina.core.StandardService [main] Starting service [Tomcat]
2020-06-17 13:23:32,446 INFO org.apache.catalina.core.StandardEngine [main] Starting Servlet engine: [Apache Tomcat/9.0.21]
2020-06-17 13:23:33,235 INFO org.apache.jasper.servlet.TldScanner [main] At least one JAR was scanned for TLDs yet contained no TLDs. Enable debug logging for this logger for a complete list of JARs that were scanned but no TLDs were found in them. Skipping unneeded JARs during scanning can improve startup time and JSP compilation time.
2020-06-17 13:23:33,249 INFO org.apache.catalina.core.ContainerBase.[Tomcat].[localhost].[/] [main] Initializing Spring embedded WebApplicationContext
2020-06-17 13:23:33,250 INFO org.springframework.web.context.ContextLoader [main] Root WebApplicationContext: initialization completed in 5673 ms
2020-06-17 13:23:33,680 INFO com.zaxxer.hikari.HikariDataSource [main] HikariPool-1 - Starting...
2020-06-17 13:23:34,173 INFO com.zaxxer.hikari.HikariDataSource [main] HikariPool-1 - Start completed.
2020-06-17 13:23:34,341 INFO org.hibernate.jpa.internal.util.LogHelper [main] HHH000204: Processing PersistenceUnitInfo [
	name: default
	...]
2020-06-17 13:23:34,535 INFO org.hibernate.Version [main] HHH000412: Hibernate Core {5.3.10.Final}
2020-06-17 13:23:34,538 INFO org.hibernate.cfg.Environment [main] HHH000206: hibernate.properties not found
2020-06-17 13:23:34,933 INFO org.hibernate.annotations.common.Version [main] HCANN000001: Hibernate Commons Annotations {5.0.4.Final}
2020-06-17 13:23:35,319 INFO org.hibernate.dialect.Dialect [main] HHH000400: Using dialect: org.hibernate.dialect.H2Dialect
2020-06-17 13:23:35,839 INFO org.hibernate.tool.schema.internal.SchemaCreatorImpl [main] HHH000476: Executing import script 'org.hibernate.tool.schema.internal.exec.ScriptSourceInputNonExistentImpl@4b691611'
2020-06-17 13:23:35,848 INFO org.springframework.orm.jpa.LocalContainerEntityManagerFactoryBean [main] Initialized JPA EntityManagerFactory for persistence unit 'default'
2020-06-17 13:23:39,753 INFO org.springframework.scheduling.concurrent.ThreadPoolTaskExecutor [main] Initializing ExecutorService 'applicationTaskExecutor'
2020-06-17 13:23:40,630 WARN org.springframework.boot.autoconfigure.orm.jpa.JpaBaseConfiguration$JpaWebConfiguration$JpaWebMvcConfiguration [main] spring.jpa.open-in-view is enabled by default. Therefore, database queries may be performed during view rendering. Explicitly configure spring.jpa.open-in-view to disable this warning
2020-06-17 13:23:42,213 INFO org.springframework.boot.autoconfigure.web.servlet.WelcomePageHandlerMapping [main] Adding welcome page template: index
2020-06-17 13:23:43,927 WARN org.springframework.boot.autoconfigure.freemarker.FreeMarkerAutoConfiguration [main] Cannot find template location(s): [classpath:/templates/] (please add some templates, check your FreeMarker configuration, or set spring.freemarker.checkTemplateLocation=false)
2020-06-17 13:23:45,631 INFO org.springframework.boot.web.embedded.tomcat.TomcatWebServer [main] Tomcat started on port(s): 8080 (http) with context path ''
2020-06-17 13:23:45,651 INFO com.STS.ApiApp [main] Started ApiApp in 19.635 seconds (JVM running for 21.256)
2020-06-17 13:28:10,324 INFO com.STS.ApiApp [main] Starting ApiApp on MSATBSD-LP01027 with PID 12212 (D:\GEGDC\AS608741\STSworkspace\Tech-Shop\NewProject\target\classes started by AS608741 in D:\GEGDC\AS608741\STSworkspace\Tech-Shop\NewProject)
2020-06-17 13:28:10,329 INFO com.STS.ApiApp [main] No active profile set, falling back to default profiles: default
2020-06-17 13:28:11,797 INFO org.springframework.data.repository.config.RepositoryConfigurationDelegate [main] Bootstrapping Spring Data repositories in DEFAULT mode.
2020-06-17 13:28:11,840 INFO org.springframework.data.repository.config.RepositoryConfigurationDelegate [main] Finished Spring Data repository scanning in 28ms. Found 0 repository interfaces.
2020-06-17 13:28:12,528 INFO org.springframework.context.support.PostProcessorRegistrationDelegate$BeanPostProcessorChecker [main] Bean 'org.springframework.transaction.annotation.ProxyTransactionManagementConfiguration' of type [org.springframework.transaction.annotation.ProxyTransactionManagementConfiguration$$EnhancerBySpringCGLIB$$2d35038] is not eligible for getting processed by all BeanPostProcessors (for example: not eligible for auto-proxying)
2020-06-17 13:28:13,435 INFO org.springframework.boot.web.embedded.tomcat.TomcatWebServer [main] Tomcat initialized with port(s): 8080 (http)
2020-06-17 13:28:13,483 INFO org.apache.catalina.core.StandardService [main] Starting service [Tomcat]
2020-06-17 13:28:13,483 INFO org.apache.catalina.core.StandardEngine [main] Starting Servlet engine: [Apache Tomcat/9.0.21]
2020-06-17 13:28:13,694 INFO org.apache.catalina.core.ContainerBase.[Tomcat].[localhost].[/] [main] Initializing Spring embedded WebApplicationContext
2020-06-17 13:28:13,694 INFO org.springframework.web.context.ContextLoader [main] Root WebApplicationContext: initialization completed in 3263 ms
2020-06-17 13:28:13,952 INFO com.zaxxer.hikari.HikariDataSource [main] HikariPool-1 - Starting...
2020-06-17 13:28:14,412 INFO com.zaxxer.hikari.HikariDataSource [main] HikariPool-1 - Start completed.
2020-06-17 13:28:14,538 INFO org.hibernate.jpa.internal.util.LogHelper [main] HHH000204: Processing PersistenceUnitInfo [
	name: default
	...]
2020-06-17 13:28:14,680 INFO org.hibernate.Version [main] HHH000412: Hibernate Core {5.3.10.Final}
2020-06-17 13:28:14,683 INFO org.hibernate.cfg.Environment [main] HHH000206: hibernate.properties not found
2020-06-17 13:28:14,918 INFO org.hibernate.annotations.common.Version [main] HCANN000001: Hibernate Commons Annotations {5.0.4.Final}
2020-06-17 13:28:15,152 INFO org.hibernate.dialect.Dialect [main] HHH000400: Using dialect: org.hibernate.dialect.H2Dialect
2020-06-17 13:28:15,523 INFO org.hibernate.tool.schema.internal.SchemaCreatorImpl [main] HHH000476: Executing import script 'org.hibernate.tool.schema.internal.exec.ScriptSourceInputNonExistentImpl@3178219a'
2020-06-17 13:28:15,527 INFO org.springframework.orm.jpa.LocalContainerEntityManagerFactoryBean [main] Initialized JPA EntityManagerFactory for persistence unit 'default'
2020-06-17 13:28:15,962 INFO org.springframework.scheduling.concurrent.ThreadPoolTaskExecutor [main] Initializing ExecutorService 'applicationTaskExecutor'
2020-06-17 13:28:16,051 WARN org.springframework.boot.autoconfigure.orm.jpa.JpaBaseConfiguration$JpaWebConfiguration$JpaWebMvcConfiguration [main] spring.jpa.open-in-view is enabled by default. Therefore, database queries may be performed during view rendering. Explicitly configure spring.jpa.open-in-view to disable this warning
2020-06-17 13:28:16,465 WARN org.springframework.boot.autoconfigure.freemarker.FreeMarkerAutoConfiguration [main] Cannot find template location(s): [classpath:/templates/] (please add some templates, check your FreeMarker configuration, or set spring.freemarker.checkTemplateLocation=false)
2020-06-17 13:28:16,644 INFO org.springframework.boot.web.embedded.tomcat.TomcatWebServer [main] Tomcat started on port(s): 8080 (http) with context path ''
2020-06-17 13:28:16,649 INFO com.STS.ApiApp [main] Started ApiApp in 7.028 seconds (JVM running for 7.986)
2020-06-17 13:28:22,708 INFO org.apache.catalina.core.ContainerBase.[Tomcat].[localhost].[/] [http-nio-8080-exec-1] Initializing Spring DispatcherServlet 'dispatcherServlet'
2020-06-17 13:28:22,708 INFO org.springframework.web.servlet.DispatcherServlet [http-nio-8080-exec-1] Initializing Servlet 'dispatcherServlet'
2020-06-17 13:28:22,724 INFO org.springframework.web.servlet.DispatcherServlet [http-nio-8080-exec-1] Completed initialization in 15 ms
2020-06-17 17:50:58,897 INFO com.STS.ApiApp [main] Starting ApiApp on MSATBSD-LP01027 with PID 12224 (D:\GEGDC\AS608741\STSworkspace\Tech-Shop\NewProject\target\classes started by AS608741 in D:\GEGDC\AS608741\STSworkspace\Tech-Shop\NewProject)
2020-06-17 17:50:58,903 INFO com.STS.ApiApp [main] No active profile set, falling back to default profiles: default
2020-06-17 17:51:01,472 INFO org.springframework.data.repository.config.RepositoryConfigurationDelegate [main] Bootstrapping Spring Data repositories in DEFAULT mode.
2020-06-17 17:51:01,592 INFO org.springframework.data.repository.config.RepositoryConfigurationDelegate [main] Finished Spring Data repository scanning in 77ms. Found 0 repository interfaces.
2020-06-17 17:51:02,319 INFO org.springframework.context.support.PostProcessorRegistrationDelegate$BeanPostProcessorChecker [main] Bean 'org.springframework.transaction.annotation.ProxyTransactionManagementConfiguration' of type [org.springframework.transaction.annotation.ProxyTransactionManagementConfiguration$$EnhancerBySpringCGLIB$$a568fd21] is not eligible for getting processed by all BeanPostProcessors (for example: not eligible for auto-proxying)
2020-06-17 17:51:03,323 INFO org.springframework.boot.web.embedded.tomcat.TomcatWebServer [main] Tomcat initialized with port(s): 8080 (http)
2020-06-17 17:51:03,368 INFO org.apache.catalina.core.StandardService [main] Starting service [Tomcat]
2020-06-17 17:51:03,369 INFO org.apache.catalina.core.StandardEngine [main] Starting Servlet engine: [Apache Tomcat/9.0.21]
2020-06-17 17:51:03,739 INFO org.apache.jasper.servlet.TldScanner [main] At least one JAR was scanned for TLDs yet contained no TLDs. Enable debug logging for this logger for a complete list of JARs that were scanned but no TLDs were found in them. Skipping unneeded JARs during scanning can improve startup time and JSP compilation time.
2020-06-17 17:51:03,748 INFO org.apache.catalina.core.ContainerBase.[Tomcat].[localhost].[/] [main] Initializing Spring embedded WebApplicationContext
2020-06-17 17:51:03,749 INFO org.springframework.web.context.ContextLoader [main] Root WebApplicationContext: initialization completed in 4717 ms
2020-06-17 17:51:04,023 INFO com.zaxxer.hikari.HikariDataSource [main] HikariPool-1 - Starting...
2020-06-17 17:51:04,392 INFO com.zaxxer.hikari.HikariDataSource [main] HikariPool-1 - Start completed.
2020-06-17 17:51:04,526 INFO org.hibernate.jpa.internal.util.LogHelper [main] HHH000204: Processing PersistenceUnitInfo [
	name: default
	...]
2020-06-17 17:51:04,672 INFO org.hibernate.Version [main] HHH000412: Hibernate Core {5.3.10.Final}
2020-06-17 17:51:04,675 INFO org.hibernate.cfg.Environment [main] HHH000206: hibernate.properties not found
2020-06-17 17:51:04,993 INFO org.hibernate.annotations.common.Version [main] HCANN000001: Hibernate Commons Annotations {5.0.4.Final}
2020-06-17 17:51:05,264 INFO org.hibernate.dialect.Dialect [main] HHH000400: Using dialect: org.hibernate.dialect.H2Dialect
2020-06-17 17:51:05,658 INFO org.hibernate.tool.schema.internal.SchemaCreatorImpl [main] HHH000476: Executing import script 'org.hibernate.tool.schema.internal.exec.ScriptSourceInputNonExistentImpl@6d091cad'
2020-06-17 17:51:05,662 INFO org.springframework.orm.jpa.LocalContainerEntityManagerFactoryBean [main] Initialized JPA EntityManagerFactory for persistence unit 'default'
2020-06-17 17:51:06,085 INFO org.springframework.scheduling.concurrent.ThreadPoolTaskExecutor [main] Initializing ExecutorService 'applicationTaskExecutor'
2020-06-17 17:51:06,175 WARN org.springframework.boot.autoconfigure.orm.jpa.JpaBaseConfiguration$JpaWebConfiguration$JpaWebMvcConfiguration [main] spring.jpa.open-in-view is enabled by default. Therefore, database queries may be performed during view rendering. Explicitly configure spring.jpa.open-in-view to disable this warning
2020-06-17 17:51:06,362 INFO org.springframework.boot.autoconfigure.web.servlet.WelcomePageHandlerMapping [main] Adding welcome page template: index
2020-06-17 17:51:06,591 WARN org.springframework.boot.autoconfigure.freemarker.FreeMarkerAutoConfiguration [main] Cannot find template location(s): [classpath:/templates/] (please add some templates, check your FreeMarker configuration, or set spring.freemarker.checkTemplateLocation=false)
2020-06-17 17:51:06,816 INFO org.springframework.boot.web.embedded.tomcat.TomcatWebServer [main] Tomcat started on port(s): 8080 (http) with context path ''
2020-06-17 17:51:06,821 INFO com.STS.ApiApp [main] Started ApiApp in 8.69 seconds (JVM running for 9.486)
2020-06-17 17:51:14,385 INFO org.apache.catalina.core.ContainerBase.[Tomcat].[localhost].[/] [http-nio-8080-exec-1] Initializing Spring DispatcherServlet 'dispatcherServlet'
2020-06-17 17:51:14,385 INFO org.springframework.web.servlet.DispatcherServlet [http-nio-8080-exec-1] Initializing Servlet 'dispatcherServlet'
2020-06-17 17:51:14,403 INFO org.springframework.web.servlet.DispatcherServlet [http-nio-8080-exec-1] Completed initialization in 18 ms
2020-06-17 17:51:27,490 INFO com.STS.Hello.ControllerPage [http-nio-8080-exec-5] Hello Avneesh Shrivastav
2020-06-17 17:53:08,234 INFO com.STS.ApiApp [main] Starting ApiApp on MSATBSD-LP01027 with PID 14956 (D:\GEGDC\AS608741\STSworkspace\Tech-Shop\NewProject\target\classes started by AS608741 in D:\GEGDC\AS608741\STSworkspace\Tech-Shop\NewProject)
2020-06-17 17:53:08,241 INFO com.STS.ApiApp [main] No active profile set, falling back to default profiles: default
2020-06-17 17:53:09,979 INFO org.springframework.data.repository.config.RepositoryConfigurationDelegate [main] Bootstrapping Spring Data repositories in DEFAULT mode.
2020-06-17 17:53:10,033 INFO org.springframework.data.repository.config.RepositoryConfigurationDelegate [main] Finished Spring Data repository scanning in 34ms. Found 0 repository interfaces.
2020-06-17 17:53:11,003 INFO org.springframework.context.support.PostProcessorRegistrationDelegate$BeanPostProcessorChecker [main] Bean 'org.springframework.transaction.annotation.ProxyTransactionManagementConfiguration' of type [org.springframework.transaction.annotation.ProxyTransactionManagementConfiguration$$EnhancerBySpringCGLIB$$f2d8209e] is not eligible for getting processed by all BeanPostProcessors (for example: not eligible for auto-proxying)
2020-06-17 17:53:12,145 INFO org.springframework.boot.web.embedded.tomcat.TomcatWebServer [main] Tomcat initialized with port(s): 8080 (http)
2020-06-17 17:53:12,197 INFO org.apache.catalina.core.StandardService [main] Starting service [Tomcat]
2020-06-17 17:53:12,198 INFO org.apache.catalina.core.StandardEngine [main] Starting Servlet engine: [Apache Tomcat/9.0.21]
2020-06-17 17:53:12,596 INFO org.apache.jasper.servlet.TldScanner [main] At least one JAR was scanned for TLDs yet contained no TLDs. Enable debug logging for this logger for a complete list of JARs that were scanned but no TLDs were found in them. Skipping unneeded JARs during scanning can improve startup time and JSP compilation time.
2020-06-17 17:53:12,604 INFO org.apache.catalina.core.ContainerBase.[Tomcat].[localhost].[/] [main] Initializing Spring embedded WebApplicationContext
2020-06-17 17:53:12,604 INFO org.springframework.web.context.ContextLoader [main] Root WebApplicationContext: initialization completed in 4243 ms
2020-06-17 17:53:12,897 INFO com.zaxxer.hikari.HikariDataSource [main] HikariPool-1 - Starting...
2020-06-17 17:53:13,344 INFO com.zaxxer.hikari.HikariDataSource [main] HikariPool-1 - Start completed.
2020-06-17 17:53:13,488 INFO org.hibernate.jpa.internal.util.LogHelper [main] HHH000204: Processing PersistenceUnitInfo [
	name: default
	...]
2020-06-17 17:53:13,627 INFO org.hibernate.Version [main] HHH000412: Hibernate Core {5.3.10.Final}
2020-06-17 17:53:13,629 INFO org.hibernate.cfg.Environment [main] HHH000206: hibernate.properties not found
2020-06-17 17:53:13,868 INFO org.hibernate.annotations.common.Version [main] HCANN000001: Hibernate Commons Annotations {5.0.4.Final}
2020-06-17 17:53:14,149 INFO org.hibernate.dialect.Dialect [main] HHH000400: Using dialect: org.hibernate.dialect.H2Dialect
2020-06-17 17:53:14,536 INFO org.hibernate.tool.schema.internal.SchemaCreatorImpl [main] HHH000476: Executing import script 'org.hibernate.tool.schema.internal.exec.ScriptSourceInputNonExistentImpl@5a936e64'
2020-06-17 17:53:14,541 INFO org.springframework.orm.jpa.LocalContainerEntityManagerFactoryBean [main] Initialized JPA EntityManagerFactory for persistence unit 'default'
2020-06-17 17:53:15,004 INFO org.springframework.scheduling.concurrent.ThreadPoolTaskExecutor [main] Initializing ExecutorService 'applicationTaskExecutor'
2020-06-17 17:53:15,102 WARN org.springframework.boot.autoconfigure.orm.jpa.JpaBaseConfiguration$JpaWebConfiguration$JpaWebMvcConfiguration [main] spring.jpa.open-in-view is enabled by default. Therefore, database queries may be performed during view rendering. Explicitly configure spring.jpa.open-in-view to disable this warning
2020-06-17 17:53:15,285 INFO org.springframework.boot.autoconfigure.web.servlet.WelcomePageHandlerMapping [main] Adding welcome page template: index
2020-06-17 17:53:15,530 WARN org.springframework.boot.autoconfigure.freemarker.FreeMarkerAutoConfiguration [main] Cannot find template location(s): [classpath:/templates/] (please add some templates, check your FreeMarker configuration, or set spring.freemarker.checkTemplateLocation=false)
2020-06-17 17:53:15,731 INFO org.springframework.boot.web.embedded.tomcat.TomcatWebServer [main] Tomcat started on port(s): 8080 (http) with context path ''
2020-06-17 17:53:15,736 INFO com.STS.ApiApp [main] Started ApiApp in 8.179 seconds (JVM running for 8.981)
2020-06-17 17:53:22,865 INFO org.apache.catalina.core.ContainerBase.[Tomcat].[localhost].[/] [http-nio-8080-exec-1] Initializing Spring DispatcherServlet 'dispatcherServlet'
2020-06-17 17:53:22,866 INFO org.springframework.web.servlet.DispatcherServlet [http-nio-8080-exec-1] Initializing Servlet 'dispatcherServlet'
2020-06-17 17:53:22,889 INFO org.springframework.web.servlet.DispatcherServlet [http-nio-8080-exec-1] Completed initialization in 22 ms
2020-06-17 17:54:20,784 INFO com.STS.ApiApp [main] Starting ApiApp on MSATBSD-LP01027 with PID 5556 (D:\GEGDC\AS608741\STSworkspace\Tech-Shop\NewProject\target\classes started by AS608741 in D:\GEGDC\AS608741\STSworkspace\Tech-Shop\NewProject)
2020-06-17 17:54:20,791 INFO com.STS.ApiApp [main] No active profile set, falling back to default profiles: default
2020-06-17 17:54:22,409 INFO org.springframework.data.repository.config.RepositoryConfigurationDelegate [main] Bootstrapping Spring Data repositories in DEFAULT mode.
2020-06-17 17:54:22,445 INFO org.springframework.data.repository.config.RepositoryConfigurationDelegate [main] Finished Spring Data repository scanning in 24ms. Found 0 repository interfaces.
2020-06-17 17:54:23,212 INFO org.springframework.context.support.PostProcessorRegistrationDelegate$BeanPostProcessorChecker [main] Bean 'org.springframework.transaction.annotation.ProxyTransactionManagementConfiguration' of type [org.springframework.transaction.annotation.ProxyTransactionManagementConfiguration$$EnhancerBySpringCGLIB$$585373bd] is not eligible for getting processed by all BeanPostProcessors (for example: not eligible for auto-proxying)
2020-06-17 17:54:24,386 INFO org.springframework.boot.web.embedded.tomcat.TomcatWebServer [main] Tomcat initialized with port(s): 8080 (http)
2020-06-17 17:54:24,435 INFO org.apache.catalina.core.StandardService [main] Starting service [Tomcat]
2020-06-17 17:54:24,436 INFO org.apache.catalina.core.StandardEngine [main] Starting Servlet engine: [Apache Tomcat/9.0.21]
2020-06-17 17:54:24,996 INFO org.apache.jasper.servlet.TldScanner [main] At least one JAR was scanned for TLDs yet contained no TLDs. Enable debug logging for this logger for a complete list of JARs that were scanned but no TLDs were found in them. Skipping unneeded JARs during scanning can improve startup time and JSP compilation time.
2020-06-17 17:54:25,012 INFO org.apache.catalina.core.ContainerBase.[Tomcat].[localhost].[/] [main] Initializing Spring embedded WebApplicationContext
2020-06-17 17:54:25,012 INFO org.springframework.web.context.ContextLoader [main] Root WebApplicationContext: initialization completed in 4074 ms
2020-06-17 17:54:25,604 INFO com.zaxxer.hikari.HikariDataSource [main] HikariPool-1 - Starting...
2020-06-17 17:54:26,011 INFO com.zaxxer.hikari.HikariDataSource [main] HikariPool-1 - Start completed.
2020-06-17 17:54:26,175 INFO org.hibernate.jpa.internal.util.LogHelper [main] HHH000204: Processing PersistenceUnitInfo [
	name: default
	...]
2020-06-17 17:54:26,325 INFO org.hibernate.Version [main] HHH000412: Hibernate Core {5.3.10.Final}
2020-06-17 17:54:26,328 INFO org.hibernate.cfg.Environment [main] HHH000206: hibernate.properties not found
2020-06-17 17:54:26,580 INFO org.hibernate.annotations.common.Version [main] HCANN000001: Hibernate Commons Annotations {5.0.4.Final}
2020-06-17 17:54:26,847 INFO org.hibernate.dialect.Dialect [main] HHH000400: Using dialect: org.hibernate.dialect.H2Dialect
2020-06-17 17:54:27,398 INFO org.hibernate.tool.schema.internal.SchemaCreatorImpl [main] HHH000476: Executing import script 'org.hibernate.tool.schema.internal.exec.ScriptSourceInputNonExistentImpl@6680f714'
2020-06-17 17:54:27,403 INFO org.springframework.orm.jpa.LocalContainerEntityManagerFactoryBean [main] Initialized JPA EntityManagerFactory for persistence unit 'default'
2020-06-17 17:54:27,842 INFO org.springframework.scheduling.concurrent.ThreadPoolTaskExecutor [main] Initializing ExecutorService 'applicationTaskExecutor'
2020-06-17 17:54:27,972 WARN org.springframework.boot.autoconfigure.orm.jpa.JpaBaseConfiguration$JpaWebConfiguration$JpaWebMvcConfiguration [main] spring.jpa.open-in-view is enabled by default. Therefore, database queries may be performed during view rendering. Explicitly configure spring.jpa.open-in-view to disable this warning
2020-06-17 17:54:28,137 INFO org.springframework.boot.autoconfigure.web.servlet.WelcomePageHandlerMapping [main] Adding welcome page template: index
2020-06-17 17:54:28,409 WARN org.springframework.boot.autoconfigure.freemarker.FreeMarkerAutoConfiguration [main] Cannot find template location(s): [classpath:/templates/] (please add some templates, check your FreeMarker configuration, or set spring.freemarker.checkTemplateLocation=false)
2020-06-17 17:54:28,609 INFO org.springframework.boot.web.embedded.tomcat.TomcatWebServer [main] Tomcat started on port(s): 8080 (http) with context path ''
2020-06-17 17:54:28,614 INFO com.STS.ApiApp [main] Started ApiApp in 8.552 seconds (JVM running for 9.344)
2020-06-17 17:54:33,308 INFO org.apache.catalina.core.ContainerBase.[Tomcat].[localhost].[/] [http-nio-8080-exec-1] Initializing Spring DispatcherServlet 'dispatcherServlet'
2020-06-17 17:54:33,308 INFO org.springframework.web.servlet.DispatcherServlet [http-nio-8080-exec-1] Initializing Servlet 'dispatcherServlet'
2020-06-17 17:54:33,327 INFO org.springframework.web.servlet.DispatcherServlet [http-nio-8080-exec-1] Completed initialization in 18 ms
2020-06-17 18:01:56,646 INFO com.STS.ApiApp [main] Starting ApiApp on MSATBSD-LP01027 with PID 11668 (D:\GEGDC\AS608741\STSworkspace\Tech-Shop\NewProject\target\classes started by AS608741 in D:\GEGDC\AS608741\STSworkspace\Tech-Shop\NewProject)
2020-06-17 18:01:56,664 INFO com.STS.ApiApp [main] No active profile set, falling back to default profiles: default
2020-06-17 18:01:58,682 INFO org.springframework.data.repository.config.RepositoryConfigurationDelegate [main] Bootstrapping Spring Data repositories in DEFAULT mode.
2020-06-17 18:01:58,729 INFO org.springframework.data.repository.config.RepositoryConfigurationDelegate [main] Finished Spring Data repository scanning in 31ms. Found 0 repository interfaces.
2020-06-17 18:01:59,492 INFO org.springframework.context.support.PostProcessorRegistrationDelegate$BeanPostProcessorChecker [main] Bean 'org.springframework.transaction.annotation.ProxyTransactionManagementConfiguration' of type [org.springframework.transaction.annotation.ProxyTransactionManagementConfiguration$$EnhancerBySpringCGLIB$$af29c421] is not eligible for getting processed by all BeanPostProcessors (for example: not eligible for auto-proxying)
2020-06-17 18:02:00,553 INFO org.springframework.boot.web.embedded.tomcat.TomcatWebServer [main] Tomcat initialized with port(s): 8080 (http)
2020-06-17 18:02:00,609 INFO org.apache.catalina.core.StandardService [main] Starting service [Tomcat]
2020-06-17 18:02:00,609 INFO org.apache.catalina.core.StandardEngine [main] Starting Servlet engine: [Apache Tomcat/9.0.21]
2020-06-17 18:02:01,059 INFO org.apache.jasper.servlet.TldScanner [main] At least one JAR was scanned for TLDs yet contained no TLDs. Enable debug logging for this logger for a complete list of JARs that were scanned but no TLDs were found in them. Skipping unneeded JARs during scanning can improve startup time and JSP compilation time.
2020-06-17 18:02:01,067 INFO org.apache.catalina.core.ContainerBase.[Tomcat].[localhost].[/] [main] Initializing Spring embedded WebApplicationContext
2020-06-17 18:02:01,067 INFO org.springframework.web.context.ContextLoader [main] Root WebApplicationContext: initialization completed in 4264 ms
2020-06-17 18:02:01,341 INFO com.zaxxer.hikari.HikariDataSource [main] HikariPool-1 - Starting...
2020-06-17 18:02:01,797 INFO com.zaxxer.hikari.HikariDataSource [main] HikariPool-1 - Start completed.
2020-06-17 18:02:01,959 INFO org.hibernate.jpa.internal.util.LogHelper [main] HHH000204: Processing PersistenceUnitInfo [
	name: default
	...]
2020-06-17 18:02:02,063 INFO org.hibernate.Version [main] HHH000412: Hibernate Core {5.3.10.Final}
2020-06-17 18:02:02,065 INFO org.hibernate.cfg.Environment [main] HHH000206: hibernate.properties not found
2020-06-17 18:02:02,275 INFO org.hibernate.annotations.common.Version [main] HCANN000001: Hibernate Commons Annotations {5.0.4.Final}
2020-06-17 18:02:02,532 INFO org.hibernate.dialect.Dialect [main] HHH000400: Using dialect: org.hibernate.dialect.H2Dialect
2020-06-17 18:02:02,932 INFO org.hibernate.tool.schema.internal.SchemaCreatorImpl [main] HHH000476: Executing import script 'org.hibernate.tool.schema.internal.exec.ScriptSourceInputNonExistentImpl@2b4b96a4'
2020-06-17 18:02:02,938 INFO org.springframework.orm.jpa.LocalContainerEntityManagerFactoryBean [main] Initialized JPA EntityManagerFactory for persistence unit 'default'
2020-06-17 18:02:03,413 INFO org.springframework.scheduling.concurrent.ThreadPoolTaskExecutor [main] Initializing ExecutorService 'applicationTaskExecutor'
2020-06-17 18:02:03,507 WARN org.springframework.boot.autoconfigure.orm.jpa.JpaBaseConfiguration$JpaWebConfiguration$JpaWebMvcConfiguration [main] spring.jpa.open-in-view is enabled by default. Therefore, database queries may be performed during view rendering. Explicitly configure spring.jpa.open-in-view to disable this warning
2020-06-17 18:02:03,696 INFO org.springframework.boot.autoconfigure.web.servlet.WelcomePageHandlerMapping [main] Adding welcome page template: index
2020-06-17 18:02:03,938 WARN org.springframework.boot.autoconfigure.freemarker.FreeMarkerAutoConfiguration [main] Cannot find template location(s): [classpath:/templates/] (please add some templates, check your FreeMarker configuration, or set spring.freemarker.checkTemplateLocation=false)
2020-06-17 18:02:04,158 INFO org.springframework.boot.web.embedded.tomcat.TomcatWebServer [main] Tomcat started on port(s): 8080 (http) with context path ''
2020-06-17 18:02:04,163 INFO com.STS.ApiApp [main] Started ApiApp in 8.236 seconds (JVM running for 9.022)
2020-06-17 18:02:08,622 INFO org.apache.catalina.core.ContainerBase.[Tomcat].[localhost].[/] [http-nio-8080-exec-1] Initializing Spring DispatcherServlet 'dispatcherServlet'
2020-06-17 18:02:08,622 INFO org.springframework.web.servlet.DispatcherServlet [http-nio-8080-exec-1] Initializing Servlet 'dispatcherServlet'
2020-06-17 18:02:08,637 INFO org.springframework.web.servlet.DispatcherServlet [http-nio-8080-exec-1] Completed initialization in 15 ms
